level=INFO ts=2020-04-24T08:05:50.655624865Z app=device-simple source=init.go:138 msg="Check Metadata service's status ..."
level=INFO ts=2020-04-24T08:05:50.656015321Z app=device-simple source=init.go:138 msg="Check Data service's status ..."
level=INFO ts=2020-04-24T08:05:50.736603226Z app=device-simple source=init.go:48 msg="Service clients initialize successful."
level=INFO ts=2020-04-24T08:05:50.809297811Z app=device-simple source=service.go:146 msg="Device Service  doesn't exist, creating a new one"
level=INFO ts=2020-04-24T08:05:50.871325025Z app=device-simple source=service.go:202 msg="Addressable device-simple doesn't exist, creating a new one"
level=INFO ts=2020-04-24T08:05:51.004198076Z app=device-simple source=service.go:96 msg="*Service Start() called, name=device-simple, version=0.0.0"
level=INFO ts=2020-04-24T08:05:51.04401497Z app=device-simple source=service.go:100 msg="Listening on port: 49990"
level=INFO ts=2020-04-24T08:05:51.182070889Z app=device-simple source=service.go:127 msg="Service started in: 527.446794ms"
level=INFO ts=2020-04-24T08:08:16.605419497Z app=device-simple source=init.go:138 msg="Check Metadata service's status ..."
level=INFO ts=2020-04-24T08:08:16.605604979Z app=device-simple source=init.go:138 msg="Check Data service's status ..."
level=INFO ts=2020-04-24T08:08:16.685631873Z app=device-simple source=init.go:48 msg="Service clients initialize successful."
level=INFO ts=2020-04-24T08:08:16.750369526Z app=device-simple source=service.go:153 msg="Device Service device-simple exists"
level=INFO ts=2020-04-24T08:08:16.814014194Z app=device-simple source=service.go:96 msg="*Service Start() called, name=device-simple, version=0.0.0"
level=INFO ts=2020-04-24T08:08:16.85138171Z app=device-simple source=service.go:100 msg="Listening on port: 49990"
level=INFO ts=2020-04-24T08:08:16.900453182Z app=device-simple source=service.go:127 msg="Service started in: 296.819575ms"
level=INFO ts=2020-04-24T08:21:53.75544613Z app=device-simple source=init.go:138 msg="Check Data service's status ..."
level=INFO ts=2020-04-24T08:21:53.755388182Z app=device-simple source=init.go:138 msg="Check Metadata service's status ..."
level=INFO ts=2020-04-24T08:21:53.849387232Z app=device-simple source=init.go:48 msg="Service clients initialize successful."
level=INFO ts=2020-04-24T08:21:53.919739901Z app=device-simple source=service.go:153 msg="Device Service device-simple exists"
level=INFO ts=2020-04-24T08:21:54.00253619Z app=device-simple source=service.go:96 msg="*Service Start() called, name=device-simple, version=0.0.0"
level=INFO ts=2020-04-24T08:21:54.046630681Z app=device-simple source=service.go:100 msg="Listening on port: 49990"
level=INFO ts=2020-04-24T08:21:54.16197089Z app=device-simple source=service.go:127 msg="Service started in: 408.585329ms"
level=INFO ts=2020-04-24T08:26:38.68981863Z app=device-simple source=init.go:138 msg="Check Metadata service's status ..."
level=INFO ts=2020-04-24T08:26:38.689971134Z app=device-simple source=init.go:138 msg="Check Data service's status ..."
level=INFO ts=2020-04-24T08:26:38.787295028Z app=device-simple source=init.go:48 msg="Service clients initialize successful."
level=INFO ts=2020-04-24T08:26:38.856323493Z app=device-simple source=service.go:153 msg="Device Service device-simple exists"
level=INFO ts=2020-04-24T08:26:38.921095227Z app=device-simple source=service.go:96 msg="*Service Start() called, name=device-simple, version=0.0.0"
level=INFO ts=2020-04-24T08:26:38.987490981Z app=device-simple source=service.go:100 msg="Listening on port: 49990"
level=INFO ts=2020-04-24T08:26:39.101555057Z app=device-simple source=service.go:127 msg="Service started in: 413.434014ms"
level=INFO ts=2020-04-24T08:27:38.557872435Z app=device-simple source=init.go:138 msg="Check Metadata service's status ..."
level=INFO ts=2020-04-24T08:27:38.565281881Z app=device-simple source=init.go:138 msg="Check Data service's status ..."
level=INFO ts=2020-04-24T08:27:38.651857294Z app=device-simple source=init.go:48 msg="Service clients initialize successful."
level=INFO ts=2020-04-24T08:27:38.733378911Z app=device-simple source=service.go:153 msg="Device Service device-simple exists"
level=INFO ts=2020-04-24T08:27:38.811796786Z app=device-simple source=service.go:96 msg="*Service Start() called, name=device-simple, version=0.0.0"
level=INFO ts=2020-04-24T08:27:38.858814747Z app=device-simple source=service.go:100 msg="Listening on port: 49990"
level=INFO ts=2020-04-24T08:27:38.906868137Z app=device-simple source=service.go:127 msg="Service started in: 350.834551ms"
level=INFO ts=2020-04-24T08:35:48.65510984Z app=device-simple source=init.go:138 msg="Check Metadata service's status ..."
level=INFO ts=2020-04-24T08:35:48.655349856Z app=device-simple source=init.go:138 msg="Check Data service's status ..."
level=INFO ts=2020-04-24T08:35:48.756120455Z app=device-simple source=init.go:48 msg="Service clients initialize successful."
level=INFO ts=2020-04-24T08:35:48.834838453Z app=device-simple source=service.go:153 msg="Device Service device-simple exists"
level=INFO ts=2020-04-24T08:35:48.933667251Z app=device-simple source=service.go:96 msg="*Service Start() called, name=device-simple, version=0.0.0"
level=INFO ts=2020-04-24T08:35:48.971123182Z app=device-simple source=service.go:100 msg="Listening on port: 49990"
level=ERROR ts=2020-04-24T08:35:49.017915933Z app=device-simple source=profiles.go:88 msg="Add Device Profile: /home/mathieu/go/src/github.com/edgexfoundry/device-simple/cmd/device-simple/res/Simple-Driver.yaml to Core Metadata failed: 400 - Device ID and Name are both blank\n"
level=INFO ts=2020-04-24T08:35:49.071739026Z app=device-simple source=service.go:127 msg="Service started in: 418.703914ms"
level=INFO ts=2020-04-24T08:35:59.653787091Z app=device-simple source=utils.go:85 Content-Type=application/json correlation-id=2a0fa0ec-66ac-4b0c-9dec-7bc921d894a8 msg="SendEvent: Pushed event to core data"
level=INFO ts=2020-04-24T08:35:59.654141178Z app=device-simple source=utils.go:85 Content-Type=application/json correlation-id=e0702b28-2161-4662-b047-d9a9c2e378e0 msg="SendEvent: Pushed event to core data"
level=INFO ts=2020-04-24T08:36:09.094501111Z app=device-simple source=utils.go:85 Content-Type=application/json correlation-id=2b223bb2-f223-456b-9dec-756f8045c878 msg="SendEvent: Pushed event to core data"
level=INFO ts=2020-04-24T08:36:09.111515102Z app=device-simple source=utils.go:85 Content-Type=application/json correlation-id=4ac9d850-abbc-4e34-9114-3e7afb02df58 msg="SendEvent: Pushed event to core data"
level=INFO ts=2020-04-24T08:36:19.110861016Z app=device-simple source=utils.go:85 Content-Type=application/json correlation-id=af8322e7-a0ee-45af-b68e-7a6e48f0463e msg="SendEvent: Pushed event to core data"
level=INFO ts=2020-04-24T08:36:19.114182843Z app=device-simple source=utils.go:85 Content-Type=application/json correlation-id=70ca7027-b8d3-43f8-b5a8-9d1e25e2b280 msg="SendEvent: Pushed event to core data"
level=INFO ts=2020-04-24T08:36:19.243206542Z app=device-simple source=utils.go:85 Content-Type=application/cbor correlation-id=5ef8251c-b361-43b6-87d7-3d2576e8a19e msg="SendEvent: Pushed event to core data"
level=INFO ts=2020-04-24T08:36:29.075087841Z app=device-simple source=utils.go:85 Content-Type=application/json correlation-id=a84ab381-6739-47f5-b1f0-8f7da2dc7649 msg="SendEvent: Pushed event to core data"
level=INFO ts=2020-04-24T08:36:29.082290638Z app=device-simple source=utils.go:85 Content-Type=application/json correlation-id=0672c33c-6dbc-49bb-9eae-b09a98ec1936 msg="SendEvent: Pushed event to core data"
level=INFO ts=2020-04-24T08:36:39.075315815Z app=device-simple source=utils.go:85 Content-Type=application/json correlation-id=b0b265f2-9e37-4a18-9cd2-89fb1d25f3c8 msg="SendEvent: Pushed event to core data"
level=INFO ts=2020-04-24T08:36:39.08062938Z app=device-simple source=utils.go:85 Content-Type=application/json correlation-id=b82a25b6-6364-42a4-b9e5-6acfff95aaa4 msg="SendEvent: Pushed event to core data"
level=INFO ts=2020-04-24T08:36:49.080404696Z app=device-simple source=utils.go:85 Content-Type=application/json correlation-id=1f29cdd6-624f-43a2-9976-b0b3396f2f8a msg="SendEvent: Pushed event to core data"
level=INFO ts=2020-04-24T08:36:49.10999238Z app=device-simple source=utils.go:85 Content-Type=application/json correlation-id=0051f9f7-d70d-4e75-a77b-3dde749c8bca msg="SendEvent: Pushed event to core data"
level=INFO ts=2020-04-24T08:36:49.301489836Z app=device-simple source=utils.go:85 Content-Type=application/cbor correlation-id=ecc09169-5499-40ce-8d81-b57996097ca7 msg="SendEvent: Pushed event to core data"
level=INFO ts=2020-04-24T08:36:59.081464549Z app=device-simple source=utils.go:85 Content-Type=application/json correlation-id=86d41805-da2d-48f0-9164-d14c8a06fce2 msg="SendEvent: Pushed event to core data"
level=INFO ts=2020-04-24T08:36:59.103601718Z app=device-simple source=utils.go:85 Content-Type=application/json correlation-id=c103dd9e-96c8-417e-92f6-d77799ef6358 msg="SendEvent: Pushed event to core data"
level=INFO ts=2020-04-24T08:37:09.078825672Z app=device-simple source=utils.go:85 Content-Type=application/json correlation-id=4ee4dee5-1750-4532-afe4-73c5b04d4ba8 msg="SendEvent: Pushed event to core data"
level=INFO ts=2020-04-24T08:37:09.084679931Z app=device-simple source=utils.go:85 Content-Type=application/json correlation-id=a67edefa-1eab-448d-8b6c-9acdc998b54f msg="SendEvent: Pushed event to core data"
level=INFO ts=2020-04-24T08:37:18.133526191Z app=device-simple source=init.go:138 msg="Check Metadata service's status ..."
level=INFO ts=2020-04-24T08:37:18.133991454Z app=device-simple source=init.go:138 msg="Check Data service's status ..."
level=INFO ts=2020-04-24T08:37:18.215720955Z app=device-simple source=init.go:48 msg="Service clients initialize successful."
level=INFO ts=2020-04-24T08:37:18.281008158Z app=device-simple source=service.go:153 msg="Device Service device-simple exists"
level=INFO ts=2020-04-24T08:37:18.331582761Z app=device-simple source=service.go:96 msg="*Service Start() called, name=device-simple, version=0.0.0"
level=INFO ts=2020-04-24T08:37:18.372518672Z app=device-simple source=service.go:100 msg="Listening on port: 49990"
level=ERROR ts=2020-04-24T08:37:18.42453731Z app=device-simple source=profiles.go:88 msg="Add Device Profile: /home/mathieu/go/src/github.com/edgexfoundry/device-simple/cmd/device-simple/res/Simple-Driver.yaml to Core Metadata failed: 400 - Device ID and Name are both blank\n"
level=INFO ts=2020-04-24T08:37:18.46484109Z app=device-simple source=service.go:127 msg="Service started in: 332.945683ms"
level=INFO ts=2020-04-24T08:37:28.472884779Z app=device-simple source=utils.go:85 Content-Type=application/json correlation-id=50bbe6d1-c82f-43af-ad31-d9de253444fd msg="SendEvent: Pushed event to core data"
level=INFO ts=2020-04-24T08:37:28.472859363Z app=device-simple source=utils.go:85 Content-Type=application/json correlation-id=63d7b6a6-21ad-4d18-87f8-88f07f7dc095 msg="SendEvent: Pushed event to core data"
level=INFO ts=2020-04-24T08:37:38.472963189Z app=device-simple source=utils.go:85 Content-Type=application/json correlation-id=9aded895-24b1-47a6-90e7-f3383998a8de msg="SendEvent: Pushed event to core data"
level=INFO ts=2020-04-24T08:37:38.474151812Z app=device-simple source=utils.go:85 Content-Type=application/json correlation-id=dc679fa5-15a4-4ba1-b8d4-a4ca4e3da441 msg="SendEvent: Pushed event to core data"
level=INFO ts=2020-04-24T08:37:48.474186089Z app=device-simple source=utils.go:85 Content-Type=application/json correlation-id=7592558f-270e-48af-a21a-ee6ff71ab3f6 msg="SendEvent: Pushed event to core data"
level=INFO ts=2020-04-24T08:37:48.48420587Z app=device-simple source=utils.go:85 Content-Type=application/json correlation-id=af38b678-281a-4559-9510-4e9ade13bc85 msg="SendEvent: Pushed event to core data"
level=INFO ts=2020-04-24T08:37:48.640850587Z app=device-simple source=utils.go:85 Content-Type=application/cbor correlation-id=d97c4669-6b29-4ab6-9fcc-af9b7cc5a1a1 msg="SendEvent: Pushed event to core data"
level=INFO ts=2020-04-24T08:37:58.470947925Z app=device-simple source=utils.go:85 Content-Type=application/json correlation-id=159a248b-b713-4afc-ab91-552a4131006d msg="SendEvent: Pushed event to core data"
level=INFO ts=2020-04-24T08:37:58.47262652Z app=device-simple source=utils.go:85 Content-Type=application/json correlation-id=c58d776a-ff3a-421c-935a-78c2803e4135 msg="SendEvent: Pushed event to core data"
level=INFO ts=2020-04-24T08:38:47.384783591Z app=device-simple source=init.go:138 msg="Check Metadata service's status ..."
level=INFO ts=2020-04-24T08:38:47.384923268Z app=device-simple source=init.go:138 msg="Check Data service's status ..."
level=INFO ts=2020-04-24T08:38:47.463633521Z app=device-simple source=init.go:48 msg="Service clients initialize successful."
level=INFO ts=2020-04-24T08:38:47.525042677Z app=device-simple source=service.go:153 msg="Device Service device-simple exists"
level=INFO ts=2020-04-24T08:38:47.600096759Z app=device-simple source=service.go:96 msg="*Service Start() called, name=device-simple, version=0.0.0"
level=INFO ts=2020-04-24T08:38:47.637696855Z app=device-simple source=service.go:100 msg="Listening on port: 49990"
level=ERROR ts=2020-04-24T08:38:47.683549608Z app=device-simple source=profiles.go:88 msg="Add Device Profile: /home/mathieu/go/src/github.com/edgexfoundry/device-simple/cmd/device-simple/res/Simple-Driver.yaml to Core Metadata failed: 400 - Device ID and Name are both blank\n"
level=INFO ts=2020-04-24T08:38:47.721803394Z app=device-simple source=service.go:127 msg="Service started in: 338.693687ms"
level=INFO ts=2020-04-24T08:38:57.728527093Z app=device-simple source=utils.go:85 Content-Type=application/json correlation-id=90b16b5a-f4cd-406e-b6c8-d74db3c876df msg="SendEvent: Pushed event to core data"
level=INFO ts=2020-04-24T08:38:57.746372919Z app=device-simple source=utils.go:85 Content-Type=application/json correlation-id=0bc50750-ce5c-470d-9112-a0539aeb8877 msg="SendEvent: Pushed event to core data"
level=INFO ts=2020-04-24T08:39:07.733985274Z app=device-simple source=utils.go:85 Content-Type=application/json correlation-id=6a52d7f0-7f4e-4b2a-b808-cfc179ea3f12 msg="SendEvent: Pushed event to core data"
level=INFO ts=2020-04-24T08:39:07.787297227Z app=device-simple source=utils.go:85 Content-Type=application/json correlation-id=46580bc1-7732-47ac-913a-1b1f07e52b61 msg="SendEvent: Pushed event to core data"
level=INFO ts=2020-04-24T08:39:17.738127217Z app=device-simple source=utils.go:85 Content-Type=application/json correlation-id=b7119e71-28b5-43fe-a85f-15c22df4afd1 msg="SendEvent: Pushed event to core data"
level=INFO ts=2020-04-24T08:39:17.784696019Z app=device-simple source=utils.go:85 Content-Type=application/json correlation-id=dddec61f-6d8c-49a1-bf88-f7e37f68f444 msg="SendEvent: Pushed event to core data"
level=INFO ts=2020-04-24T08:39:17.878966314Z app=device-simple source=utils.go:85 Content-Type=application/cbor correlation-id=95881453-602a-4523-9b11-7cc0f1bebc9c msg="SendEvent: Pushed event to core data"
level=INFO ts=2020-04-24T08:39:27.738788671Z app=device-simple source=utils.go:85 Content-Type=application/json correlation-id=b4db043c-e62e-4af5-a580-a294f594ef7f msg="SendEvent: Pushed event to core data"
level=INFO ts=2020-04-24T08:39:27.758856292Z app=device-simple source=utils.go:85 Content-Type=application/json correlation-id=64505fbc-ac80-4eee-ae75-690286444ee1 msg="SendEvent: Pushed event to core data"
level=INFO ts=2020-04-24T08:39:37.744761397Z app=device-simple source=utils.go:85 Content-Type=application/json correlation-id=85b4acb4-98d2-4621-b7f0-d720ea809dda msg="SendEvent: Pushed event to core data"
level=INFO ts=2020-04-24T08:39:37.758174003Z app=device-simple source=utils.go:85 Content-Type=application/json correlation-id=6d789c00-962e-4662-9ed5-d8071a72f2ac msg="SendEvent: Pushed event to core data"
level=INFO ts=2020-04-24T08:39:47.735975461Z app=device-simple source=utils.go:85 Content-Type=application/json correlation-id=9f9fbbbe-7cb9-46bd-80ba-8bf53ffd7829 msg="SendEvent: Pushed event to core data"
level=INFO ts=2020-04-24T08:39:47.758308511Z app=device-simple source=utils.go:85 Content-Type=application/json correlation-id=244f4e84-dfe3-43eb-abfb-abf9c94bb7a0 msg="SendEvent: Pushed event to core data"
level=INFO ts=2020-04-24T08:39:48.002991989Z app=device-simple source=utils.go:85 Content-Type=application/cbor correlation-id=a2e35569-34a2-4e0a-b781-a4449091797b msg="SendEvent: Pushed event to core data"
level=INFO ts=2020-04-24T08:39:57.730570315Z app=device-simple source=utils.go:85 Content-Type=application/json correlation-id=3fa08fbb-be45-44ca-95f4-971f2ab26912 msg="SendEvent: Pushed event to core data"
level=INFO ts=2020-04-24T08:39:57.732572234Z app=device-simple source=utils.go:85 Content-Type=application/json correlation-id=0c143797-5199-4ef6-80fb-c2bbf63a4ebf msg="SendEvent: Pushed event to core data"
level=INFO ts=2020-04-24T08:40:07.732097925Z app=device-simple source=utils.go:85 Content-Type=application/json correlation-id=d5e86025-aa2a-46d5-8e63-011b626b4a69 msg="SendEvent: Pushed event to core data"
level=INFO ts=2020-04-24T08:40:07.761312654Z app=device-simple source=utils.go:85 Content-Type=application/json correlation-id=60de97a6-dbba-4636-915d-caf4b4b44bf8 msg="SendEvent: Pushed event to core data"
level=INFO ts=2020-04-24T08:40:17.72797565Z app=device-simple source=utils.go:85 Content-Type=application/json correlation-id=c4c0340c-0f92-4d6a-9290-33fc578e7165 msg="SendEvent: Pushed event to core data"
level=INFO ts=2020-04-24T08:40:17.730414668Z app=device-simple source=utils.go:85 Content-Type=application/json correlation-id=6fede21d-4349-4cc9-9f31-8f7efab8b92a msg="SendEvent: Pushed event to core data"
level=INFO ts=2020-04-24T08:40:18.093844349Z app=device-simple source=utils.go:85 Content-Type=application/cbor correlation-id=59943285-3f78-49b0-88a8-1ae5aa43afd6 msg="SendEvent: Pushed event to core data"
level=INFO ts=2020-04-24T08:40:27.729756356Z app=device-simple source=utils.go:85 Content-Type=application/json correlation-id=a83a10ed-33b7-4768-9f87-5c29af2610e1 msg="SendEvent: Pushed event to core data"
level=INFO ts=2020-04-24T08:40:27.735961011Z app=device-simple source=utils.go:85 Content-Type=application/json correlation-id=efc4b872-7d9f-41bb-ad3d-5dafbc4b57e8 msg="SendEvent: Pushed event to core data"
level=INFO ts=2020-04-24T08:40:37.733516499Z app=device-simple source=utils.go:85 Content-Type=application/json correlation-id=b844edd8-c6cc-4317-80ad-026fbdae9d3a msg="SendEvent: Pushed event to core data"
level=INFO ts=2020-04-24T08:40:37.761993246Z app=device-simple source=utils.go:85 Content-Type=application/json correlation-id=c2d1ea96-73e7-433b-8814-e67408d20093 msg="SendEvent: Pushed event to core data"
level=INFO ts=2020-04-24T08:40:47.728456758Z app=device-simple source=utils.go:85 Content-Type=application/json correlation-id=6cccf4c2-3330-403d-9411-7a0e0466316c msg="SendEvent: Pushed event to core data"
level=INFO ts=2020-04-24T08:40:47.730178153Z app=device-simple source=utils.go:85 Content-Type=application/json correlation-id=a4745c86-d55c-4310-ac37-0e9bad83c619 msg="SendEvent: Pushed event to core data"
level=INFO ts=2020-04-24T08:40:48.182768964Z app=device-simple source=utils.go:85 Content-Type=application/cbor correlation-id=8ddeaec3-36c1-4385-9432-0f33a7d1c0ed msg="SendEvent: Pushed event to core data"
level=INFO ts=2020-04-24T08:40:57.734487035Z app=device-simple source=utils.go:85 Content-Type=application/json correlation-id=0da9d661-9b4e-4cf4-a60a-1dca827a3867 msg="SendEvent: Pushed event to core data"
level=INFO ts=2020-04-24T08:40:57.759502815Z app=device-simple source=utils.go:85 Content-Type=application/json correlation-id=8e19e748-6cbd-4b7b-ab7b-72fd8e6d97ab msg="SendEvent: Pushed event to core data"
level=INFO ts=2020-04-24T08:41:07.736039999Z app=device-simple source=utils.go:85 Content-Type=application/json correlation-id=ffaea00c-84d5-4af5-99b8-08cdc088eb42 msg="SendEvent: Pushed event to core data"
level=INFO ts=2020-04-24T08:41:07.76109284Z app=device-simple source=utils.go:85 Content-Type=application/json correlation-id=2e350ffa-2b75-4396-b070-dba9525f7539 msg="SendEvent: Pushed event to core data"
level=INFO ts=2020-04-24T08:43:41.393067036Z app=device-simple source=init.go:138 msg="Check Metadata service's status ..."
level=INFO ts=2020-04-24T08:43:41.393237002Z app=device-simple source=init.go:138 msg="Check Data service's status ..."
level=INFO ts=2020-04-24T08:43:41.480007768Z app=device-simple source=init.go:48 msg="Service clients initialize successful."
level=INFO ts=2020-04-24T08:43:41.526127608Z app=device-simple source=service.go:146 msg="Device Service  doesn't exist, creating a new one"
level=INFO ts=2020-04-24T08:43:41.571448629Z app=device-simple source=service.go:202 msg="Addressable device-simple doesn't exist, creating a new one"
level=INFO ts=2020-04-24T08:43:41.624551725Z app=device-simple source=service.go:96 msg="*Service Start() called, name=device-simple, version=0.0.0"
level=INFO ts=2020-04-24T08:43:41.661941045Z app=device-simple source=service.go:100 msg="Listening on port: 49990"
level=ERROR ts=2020-04-24T08:43:41.706295308Z app=device-simple source=profiles.go:88 msg="Add Device Profile: /home/mathieu/go/src/github.com/edgexfoundry/device-simple/cmd/device-simple/res/Simple-Driver.yaml to Core Metadata failed: 400 - Device ID and Name are both blank\n"
level=INFO ts=2020-04-24T08:43:41.765652042Z app=device-simple source=service.go:127 msg="Service started in: 374.204828ms"
level=INFO ts=2020-04-24T08:45:49.23083342Z app=device-simple source=init.go:138 msg="Check Metadata service's status ..."
level=INFO ts=2020-04-24T08:45:49.230938753Z app=device-simple source=init.go:138 msg="Check Data service's status ..."
level=INFO ts=2020-04-24T08:45:49.300878343Z app=device-simple source=init.go:48 msg="Service clients initialize successful."
level=INFO ts=2020-04-24T08:45:49.35373647Z app=device-simple source=service.go:153 msg="Device Service device-simple exists"
level=INFO ts=2020-04-24T08:45:49.40870969Z app=device-simple source=service.go:96 msg="*Service Start() called, name=device-simple, version=0.0.0"
level=INFO ts=2020-04-24T08:45:49.441772793Z app=device-simple source=service.go:100 msg="Listening on port: 49990"
level=ERROR ts=2020-04-24T08:45:49.478985991Z app=device-simple source=profiles.go:88 msg="Add Device Profile: /home/mathieu/go/src/github.com/edgexfoundry/device-simple/cmd/device-simple/res/Simple-Driver.yaml to Core Metadata failed: 400 - Device ID and Name are both blank\n"
level=INFO ts=2020-04-24T08:45:49.509177779Z app=device-simple source=service.go:127 msg="Service started in: 278.803874ms"
level=INFO ts=2020-04-24T08:45:59.843521982Z app=device-simple source=utils.go:85 Content-Type=application/json correlation-id=ea94d3c6-6d85-4c93-8366-def2ab8677dd msg="SendEvent: Pushed event to core data"
level=INFO ts=2020-04-24T08:46:09.542764222Z app=device-simple source=utils.go:85 Content-Type=application/json correlation-id=f00020e0-4a1d-4f48-8e11-625cb0cc84df msg="SendEvent: Pushed event to core data"
level=INFO ts=2020-04-24T08:46:19.542739107Z app=device-simple source=utils.go:85 Content-Type=application/json correlation-id=0bd195bd-e35f-4723-a3df-cb860ad8ad57 msg="SendEvent: Pushed event to core data"
level=INFO ts=2020-04-24T08:46:29.512726065Z app=device-simple source=utils.go:85 Content-Type=application/json correlation-id=a144ec72-4cfb-4dfb-ba89-180c40e389ff msg="SendEvent: Pushed event to core data"
level=INFO ts=2020-04-24T08:46:39.535463881Z app=device-simple source=utils.go:85 Content-Type=application/json correlation-id=e6acd772-21dc-40e7-9ae9-27864d2a87d9 msg="SendEvent: Pushed event to core data"
level=INFO ts=2020-04-24T08:46:49.51852475Z app=device-simple source=utils.go:85 Content-Type=application/json correlation-id=dcbf3078-0d53-45f6-b090-584269550986 msg="SendEvent: Pushed event to core data"
level=INFO ts=2020-04-24T08:46:59.523519374Z app=device-simple source=utils.go:85 Content-Type=application/json correlation-id=6105ac04-c4ff-42d4-94fc-d4342e1b4200 msg="SendEvent: Pushed event to core data"
level=INFO ts=2020-04-24T08:47:09.541539285Z app=device-simple source=utils.go:85 Content-Type=application/json correlation-id=bee16344-78ee-4886-b4ec-f5604ba53fb2 msg="SendEvent: Pushed event to core data"
level=INFO ts=2020-04-24T08:47:19.543304076Z app=device-simple source=utils.go:85 Content-Type=application/json correlation-id=baad58f0-be75-444b-baf5-90bfbfa0f4d2 msg="SendEvent: Pushed event to core data"
level=INFO ts=2020-04-24T08:47:29.517849172Z app=device-simple source=utils.go:85 Content-Type=application/json correlation-id=9801c858-e01e-451e-b836-ce090ab58a55 msg="SendEvent: Pushed event to core data"
level=INFO ts=2020-04-24T08:47:39.543954837Z app=device-simple source=utils.go:85 Content-Type=application/json correlation-id=4845504c-2ed1-4362-8192-a1eec618c394 msg="SendEvent: Pushed event to core data"
level=INFO ts=2020-04-24T08:47:49.546468741Z app=device-simple source=utils.go:85 Content-Type=application/json correlation-id=453a8fe0-db46-4d55-a898-e4c4b42bc7ae msg="SendEvent: Pushed event to core data"
level=INFO ts=2020-04-24T08:47:59.519259057Z app=device-simple source=utils.go:85 Content-Type=application/json correlation-id=a2f89614-4b83-4567-91a1-2d4ab614ccac msg="SendEvent: Pushed event to core data"
level=INFO ts=2020-04-24T08:48:09.546459185Z app=device-simple source=utils.go:85 Content-Type=application/json correlation-id=a5d1547b-3b50-4359-8aba-2cde654edc94 msg="SendEvent: Pushed event to core data"
level=INFO ts=2020-04-24T08:48:19.54694239Z app=device-simple source=utils.go:85 Content-Type=application/json correlation-id=755650d0-234e-4bb4-a9ce-677aaf2d1631 msg="SendEvent: Pushed event to core data"
level=INFO ts=2020-04-24T08:48:29.520732115Z app=device-simple source=utils.go:85 Content-Type=application/json correlation-id=ee33cb24-a643-4057-8f39-6540f64ffd8d msg="SendEvent: Pushed event to core data"
level=INFO ts=2020-04-24T08:48:39.547627092Z app=device-simple source=utils.go:85 Content-Type=application/json correlation-id=718c843e-2df7-4523-bf42-f710a4840190 msg="SendEvent: Pushed event to core data"
level=INFO ts=2020-04-24T08:48:49.523067737Z app=device-simple source=utils.go:85 Content-Type=application/json correlation-id=04ac5eb2-56fa-44e9-bae4-0e40ce3a73fa msg="SendEvent: Pushed event to core data"
level=INFO ts=2020-04-24T08:48:59.518772454Z app=device-simple source=utils.go:85 Content-Type=application/json correlation-id=b01bd7d4-302b-4195-9a2b-a271ebc5d0ec msg="SendEvent: Pushed event to core data"
level=INFO ts=2020-04-24T08:49:09.543443781Z app=device-simple source=utils.go:85 Content-Type=application/json correlation-id=1b897a92-7ed2-4472-b7cb-251cb63ac0fd msg="SendEvent: Pushed event to core data"
level=INFO ts=2020-04-24T08:49:19.547912573Z app=device-simple source=utils.go:85 Content-Type=application/json correlation-id=b97a118a-5702-4961-8a43-c9d493e39509 msg="SendEvent: Pushed event to core data"
level=INFO ts=2020-04-24T08:49:29.522218206Z app=device-simple source=utils.go:85 Content-Type=application/json correlation-id=db547261-3718-41e4-9399-26d4e52a0241 msg="SendEvent: Pushed event to core data"
level=INFO ts=2020-04-24T08:49:39.549401054Z app=device-simple source=utils.go:85 Content-Type=application/json correlation-id=058ebc9e-5232-4c5b-8ee9-aa64dbefafd7 msg="SendEvent: Pushed event to core data"
level=INFO ts=2020-04-24T08:49:49.549601669Z app=device-simple source=utils.go:85 Content-Type=application/json correlation-id=e61bd2ce-c687-4da2-8577-571cb1e9e8d2 msg="SendEvent: Pushed event to core data"
level=INFO ts=2020-04-24T08:49:59.522830476Z app=device-simple source=utils.go:85 Content-Type=application/json correlation-id=f43b9602-369c-478d-9c99-faaf41c028ed msg="SendEvent: Pushed event to core data"
level=INFO ts=2020-04-24T08:50:09.550487692Z app=device-simple source=utils.go:85 Content-Type=application/json correlation-id=3fc4447e-0b53-429f-aa6b-172d3c795979 msg="SendEvent: Pushed event to core data"
level=INFO ts=2020-04-24T08:50:19.551272584Z app=device-simple source=utils.go:85 Content-Type=application/json correlation-id=58d0ee47-4888-4d3d-b875-6b143ec2991f msg="SendEvent: Pushed event to core data"
level=INFO ts=2020-05-04T06:53:34.760886255Z app=device-simple source=init.go:138 msg="Check Data service's status ..."
level=INFO ts=2020-05-04T06:53:34.760892796Z app=device-simple source=init.go:138 msg="Check Metadata service's status ..."
level=ERROR ts=2020-05-04T06:53:34.867152317Z app=device-simple source=init.go:149 msg="Error getting ping: Get \"http://localhost:48080/api/v1/ping\": dial tcp [::1]:48080: connect: connection refused "
level=INFO ts=2020-05-04T06:53:39.921898249Z app=device-simple source=init.go:138 msg="Check Data service's status ..."
level=ERROR ts=2020-05-04T06:53:39.956751412Z app=device-simple source=init.go:149 msg="Error getting ping: Get \"http://localhost:48080/api/v1/ping\": dial tcp [::1]:48080: connect: connection refused "
level=INFO ts=2020-05-04T06:53:44.997695116Z app=device-simple source=init.go:138 msg="Check Data service's status ..."
level=ERROR ts=2020-05-04T06:53:45.042251573Z app=device-simple source=init.go:149 msg="Error getting ping: Get \"http://localhost:48080/api/v1/ping\": dial tcp [::1]:48080: connect: connection refused "
level=INFO ts=2020-05-04T06:55:06.492515921Z app=device-simple source=init.go:138 msg="Check Metadata service's status ..."
level=INFO ts=2020-05-04T06:55:06.492720286Z app=device-simple source=init.go:138 msg="Check Data service's status ..."
level=INFO ts=2020-05-04T06:55:06.599067624Z app=device-simple source=init.go:48 msg="Service clients initialize successful."
level=INFO ts=2020-05-04T06:55:06.712458429Z app=device-simple source=service.go:146 msg="Device Service  doesn't exist, creating a new one"
level=INFO ts=2020-05-04T06:55:06.751802976Z app=device-simple source=service.go:202 msg="Addressable device-simple doesn't exist, creating a new one"
level=INFO ts=2020-05-04T06:55:06.86956035Z app=device-simple source=service.go:96 msg="*Service Start() called, name=device-simple, version=0.0.0"
level=INFO ts=2020-05-04T06:55:06.933381712Z app=device-simple source=service.go:100 msg="Listening on port: 49990"
level=ERROR ts=2020-05-04T06:55:07.008070256Z app=device-simple source=profiles.go:88 msg="Add Device Profile: /home/mathieu/go/src/github.com/edgexfoundry/device-simple/cmd/device-simple/res/Simple-Driver.yaml to Core Metadata failed: 400 - Device ID and Name are both blank\n"
level=INFO ts=2020-05-04T06:55:07.116922379Z app=device-simple source=service.go:127 msg="Service started in: 626.124027ms"
level=INFO ts=2020-05-04T07:03:11.359044609Z app=device-simple source=init.go:138 msg="Check Metadata service's status ..."
level=INFO ts=2020-05-04T07:03:11.360195691Z app=device-simple source=init.go:138 msg="Check Data service's status ..."
level=INFO ts=2020-05-04T07:03:11.447832024Z app=device-simple source=init.go:48 msg="Service clients initialize successful."
level=INFO ts=2020-05-04T07:03:11.495860143Z app=device-simple source=service.go:153 msg="Device Service device-simple exists"
level=INFO ts=2020-05-04T07:03:11.549146675Z app=device-simple source=service.go:96 msg="*Service Start() called, name=device-simple, version=0.0.0"
level=INFO ts=2020-05-04T07:03:11.589456176Z app=device-simple source=service.go:100 msg="Listening on port: 49990"
level=ERROR ts=2020-05-04T07:03:11.634644368Z app=device-simple source=profiles.go:88 msg="Add Device Profile: /home/mathieu/go/src/github.com/edgexfoundry/device-simple/cmd/device-simple/res/Simple-Driver.yaml to Core Metadata failed: 400 - Device ID and Name are both blank\n"
level=INFO ts=2020-05-04T07:03:11.673717077Z app=device-simple source=service.go:127 msg="Service started in: 316.359938ms"
level=INFO ts=2020-05-04T07:03:22.034121793Z app=device-simple source=utils.go:85 Content-Type=application/json correlation-id=6cd9837b-26f5-4323-a2a4-81e22717eed3 msg="SendEvent: Pushed event to core data"
level=INFO ts=2020-05-04T07:03:31.680725518Z app=device-simple source=utils.go:85 Content-Type=application/json correlation-id=9d7a12a6-3492-443b-8602-81c77a568c30 msg="SendEvent: Pushed event to core data"
level=INFO ts=2020-05-04T07:03:41.706400093Z app=device-simple source=utils.go:85 Content-Type=application/json correlation-id=25242088-6fd8-452f-94a0-8c9505c2e719 msg="SendEvent: Pushed event to core data"
level=INFO ts=2020-05-04T07:03:51.706400985Z app=device-simple source=utils.go:85 Content-Type=application/json correlation-id=f74a22f6-0f61-4298-9dad-ab97d66a94a2 msg="SendEvent: Pushed event to core data"
level=INFO ts=2020-05-04T07:04:01.708876688Z app=device-simple source=utils.go:85 Content-Type=application/json correlation-id=3fe1d9f4-c4d3-463d-932b-8454e3599fb2 msg="SendEvent: Pushed event to core data"
level=INFO ts=2020-05-04T07:04:11.689167977Z app=device-simple source=utils.go:85 Content-Type=application/json correlation-id=0bbcd426-457a-4a2e-8ad7-3e91db92f17f msg="SendEvent: Pushed event to core data"
level=INFO ts=2020-05-04T07:04:21.683896534Z app=device-simple source=utils.go:85 Content-Type=application/json correlation-id=fe541f68-c4e3-4027-b418-349cfc1156d7 msg="SendEvent: Pushed event to core data"
level=INFO ts=2020-05-04T07:04:31.682389995Z app=device-simple source=utils.go:85 Content-Type=application/json correlation-id=f3452a33-841d-4174-9f3b-f8a43a0e4795 msg="SendEvent: Pushed event to core data"
level=INFO ts=2020-05-04T07:04:41.709271976Z app=device-simple source=utils.go:85 Content-Type=application/json correlation-id=740b2f6b-2550-4046-b04d-d8d060a54d98 msg="SendEvent: Pushed event to core data"
level=INFO ts=2020-05-04T07:04:51.709208043Z app=device-simple source=utils.go:85 Content-Type=application/json correlation-id=c892752a-73d6-4b13-8508-769ae2fc38bc msg="SendEvent: Pushed event to core data"
level=INFO ts=2020-05-04T07:05:01.68484238Z app=device-simple source=utils.go:85 Content-Type=application/json correlation-id=68bc28a0-b578-4ffc-b2c6-6211c3e3f4f7 msg="SendEvent: Pushed event to core data"
level=INFO ts=2020-05-04T07:05:11.685762936Z app=device-simple source=utils.go:85 Content-Type=application/json correlation-id=24f2e8e9-d9c1-4c89-b501-86a5955d2c12 msg="SendEvent: Pushed event to core data"
level=INFO ts=2020-05-04T07:05:21.710923836Z app=device-simple source=utils.go:85 Content-Type=application/json correlation-id=83c593fd-7ddc-4008-9206-044d1ca5eb39 msg="SendEvent: Pushed event to core data"
level=INFO ts=2020-05-04T07:05:31.684719963Z app=device-simple source=utils.go:85 Content-Type=application/json correlation-id=4ef6920f-9179-4c9a-a6c0-c45e60b790d1 msg="SendEvent: Pushed event to core data"
level=INFO ts=2020-05-04T07:05:41.711721065Z app=device-simple source=utils.go:85 Content-Type=application/json correlation-id=8c69f3cc-aec0-40ec-9db9-70d671edd9d7 msg="SendEvent: Pushed event to core data"
level=INFO ts=2020-05-04T07:05:51.712050598Z app=device-simple source=utils.go:85 Content-Type=application/json correlation-id=aad643cf-4dea-42dd-9987-59c4f0755077 msg="SendEvent: Pushed event to core data"
level=ERROR ts=2020-05-04T07:06:01.68199916Z app=device-simple source=utils.go:83 device=RandNum-Device01 response= error="Post \"http://localhost:48080/api/v1/event\": dial tcp [::1]:48080: connect: connection refused" msg="SendEvent Failed to push event"
level=ERROR ts=2020-05-04T07:06:11.682387594Z app=device-simple source=utils.go:83 device=RandNum-Device01 response= error="Post \"http://localhost:48080/api/v1/event\": dial tcp [::1]:48080: connect: connection refused" msg="SendEvent Failed to push event"
level=ERROR ts=2020-05-04T07:06:21.682798398Z app=device-simple source=utils.go:83 device=RandNum-Device01 response= error="Post \"http://localhost:48080/api/v1/event\": dial tcp [::1]:48080: connect: connection refused" msg="SendEvent Failed to push event"
level=ERROR ts=2020-05-04T07:06:31.683204511Z app=device-simple source=utils.go:83 device=RandNum-Device01 response= error="Post \"http://localhost:48080/api/v1/event\": dial tcp [::1]:48080: connect: connection refused" msg="SendEvent Failed to push event"
level=ERROR ts=2020-05-04T07:06:41.683608258Z app=device-simple source=utils.go:83 device=RandNum-Device01 response= error="Post \"http://localhost:48080/api/v1/event\": dial tcp [::1]:48080: connect: connection refused" msg="SendEvent Failed to push event"
level=ERROR ts=2020-05-04T07:06:51.683916032Z app=device-simple source=utils.go:83 device=RandNum-Device01 response= error="Post \"http://localhost:48080/api/v1/event\": dial tcp [::1]:48080: connect: connection refused" msg="SendEvent Failed to push event"
level=ERROR ts=2020-05-04T07:07:01.684385082Z app=device-simple source=utils.go:83 device=RandNum-Device01 response= error="Post \"http://localhost:48080/api/v1/event\": dial tcp [::1]:48080: connect: connection refused" msg="SendEvent Failed to push event"
level=ERROR ts=2020-05-04T07:07:11.684802876Z app=device-simple source=utils.go:83 device=RandNum-Device01 response= error="Post \"http://localhost:48080/api/v1/event\": dial tcp [::1]:48080: connect: connection refused" msg="SendEvent Failed to push event"
level=ERROR ts=2020-05-04T07:07:21.684276006Z app=device-simple source=utils.go:83 device=RandNum-Device01 response= error="Post \"http://localhost:48080/api/v1/event\": dial tcp [::1]:48080: connect: connection refused" msg="SendEvent Failed to push event"
level=ERROR ts=2020-05-04T07:07:31.685057389Z app=device-simple source=utils.go:83 device=RandNum-Device01 response= error="Post \"http://localhost:48080/api/v1/event\": dial tcp [::1]:48080: connect: connection refused" msg="SendEvent Failed to push event"
level=ERROR ts=2020-05-04T07:07:41.685707529Z app=device-simple source=utils.go:83 device=RandNum-Device01 response= error="Post \"http://localhost:48080/api/v1/event\": dial tcp [::1]:48080: connect: connection refused" msg="SendEvent Failed to push event"
level=ERROR ts=2020-05-04T07:07:51.686045597Z app=device-simple source=utils.go:83 device=RandNum-Device01 response= error="Post \"http://localhost:48080/api/v1/event\": dial tcp [::1]:48080: connect: connection refused" msg="SendEvent Failed to push event"
level=ERROR ts=2020-05-04T07:08:01.686474214Z app=device-simple source=utils.go:83 device=RandNum-Device01 response= error="Post \"http://localhost:48080/api/v1/event\": dial tcp [::1]:48080: connect: connection refused" msg="SendEvent Failed to push event"
level=ERROR ts=2020-05-04T07:08:11.686801735Z app=device-simple source=utils.go:83 device=RandNum-Device01 response= error="Post \"http://localhost:48080/api/v1/event\": dial tcp [::1]:48080: connect: connection refused" msg="SendEvent Failed to push event"
level=ERROR ts=2020-05-04T07:08:21.687165716Z app=device-simple source=utils.go:83 device=RandNum-Device01 response= error="Post \"http://localhost:48080/api/v1/event\": dial tcp [::1]:48080: connect: connection refused" msg="SendEvent Failed to push event"
level=ERROR ts=2020-05-04T07:08:31.687749422Z app=device-simple source=utils.go:83 device=RandNum-Device01 response= error="Post \"http://localhost:48080/api/v1/event\": dial tcp [::1]:48080: connect: connection refused" msg="SendEvent Failed to push event"
level=ERROR ts=2020-05-04T07:08:41.687984736Z app=device-simple source=utils.go:83 device=RandNum-Device01 response= error="Post \"http://localhost:48080/api/v1/event\": dial tcp [::1]:48080: connect: connection refused" msg="SendEvent Failed to push event"
level=ERROR ts=2020-05-04T07:08:51.687436373Z app=device-simple source=utils.go:83 device=RandNum-Device01 response= error="Post \"http://localhost:48080/api/v1/event\": dial tcp [::1]:48080: connect: connection refused" msg="SendEvent Failed to push event"
level=ERROR ts=2020-05-04T07:09:01.688515669Z app=device-simple source=utils.go:83 device=RandNum-Device01 response= error="Post \"http://localhost:48080/api/v1/event\": dial tcp [::1]:48080: connect: connection refused" msg="SendEvent Failed to push event"
level=ERROR ts=2020-05-04T07:09:12.18117457Z app=device-simple source=utils.go:83 device=RandNum-Device01 response= error="Post \"http://localhost:48080/api/v1/event\": read tcp [::1]:44824->[::1]:48080: read: connection reset by peer" msg="SendEvent Failed to push event"
level=ERROR ts=2020-05-04T07:09:21.688306813Z app=device-simple source=utils.go:83 device=RandNum-Device01 response= error="Post \"http://localhost:48080/api/v1/event\": read tcp [::1]:45178->[::1]:48080: read: connection reset by peer" msg="SendEvent Failed to push event"
level=ERROR ts=2020-05-04T07:09:31.690882264Z app=device-simple source=utils.go:83 device=RandNum-Device01 response= error="Post \"http://localhost:48080/api/v1/event\": read tcp [::1]:45496->[::1]:48080: read: connection reset by peer" msg="SendEvent Failed to push event"
level=INFO ts=2020-05-04T07:09:42.195726561Z app=device-simple source=utils.go:85 Content-Type=application/json correlation-id=636cadc4-ead9-4086-a4a3-d9f4753c8e00 msg="SendEvent: Pushed event to core data"
level=INFO ts=2020-05-04T07:09:51.691129758Z app=device-simple source=utils.go:85 Content-Type=application/json correlation-id=70f6f8ec-4d93-4b01-8398-f2a429a2813b msg="SendEvent: Pushed event to core data"
level=INFO ts=2020-05-04T07:10:01.698685189Z app=device-simple source=utils.go:85 Content-Type=application/json correlation-id=226d9c54-9f8e-423c-b2ba-e5d04d07bcae msg="SendEvent: Pushed event to core data"
level=INFO ts=2020-05-04T07:10:11.695799955Z app=device-simple source=utils.go:85 Content-Type=application/json correlation-id=14eafc6a-df3b-4c3d-93a3-18a1bb934b6a msg="SendEvent: Pushed event to core data"
level=INFO ts=2020-05-04T07:10:21.6913466Z app=device-simple source=utils.go:85 Content-Type=application/json correlation-id=3a236a9f-982d-4ee4-ace6-3b42f541d85d msg="SendEvent: Pushed event to core data"
level=INFO ts=2020-05-04T07:10:31.69142546Z app=device-simple source=utils.go:85 Content-Type=application/json correlation-id=6ed30454-26bd-49f8-aaef-d211033ccb74 msg="SendEvent: Pushed event to core data"
level=INFO ts=2020-05-04T07:10:41.697394697Z app=device-simple source=utils.go:85 Content-Type=application/json correlation-id=1128e449-3c49-4c62-b1dc-23c3eba59105 msg="SendEvent: Pushed event to core data"
level=INFO ts=2020-05-04T07:10:51.691299592Z app=device-simple source=utils.go:85 Content-Type=application/json correlation-id=9ce3c430-7fce-43e5-8f98-384fecd1e06a msg="SendEvent: Pushed event to core data"
level=INFO ts=2020-05-04T07:11:01.697154445Z app=device-simple source=utils.go:85 Content-Type=application/json correlation-id=6e38d24e-8691-401b-81c8-d9e3989832b3 msg="SendEvent: Pushed event to core data"
level=INFO ts=2020-05-04T07:20:46.048862498Z app=device-simple source=init.go:138 msg="Check Metadata service's status ..."
level=INFO ts=2020-05-04T07:20:46.048978147Z app=device-simple source=init.go:138 msg="Check Data service's status ..."
level=INFO ts=2020-05-04T07:20:46.133607154Z app=device-simple source=init.go:48 msg="Service clients initialize successful."
level=INFO ts=2020-05-04T07:20:46.227905056Z app=device-simple source=service.go:146 msg="Device Service  doesn't exist, creating a new one"
level=INFO ts=2020-05-04T07:20:46.284767815Z app=device-simple source=service.go:202 msg="Addressable device-simple doesn't exist, creating a new one"
level=INFO ts=2020-05-04T07:20:46.366901626Z app=device-simple source=service.go:96 msg="*Service Start() called, name=device-simple, version=0.0.0"
level=INFO ts=2020-05-04T07:20:46.441545605Z app=device-simple source=service.go:100 msg="Listening on port: 49990"
level=ERROR ts=2020-05-04T07:20:46.474746145Z app=device-simple source=profiles.go:88 msg="Add Device Profile: /home/mathieu/go/src/github.com/edgexfoundry/device-simple/cmd/device-simple/res/Simple-Driver.yaml to Core Metadata failed: 400 - Device ID and Name are both blank\n"
level=INFO ts=2020-05-04T07:20:46.519802974Z app=device-simple source=service.go:127 msg="Service started in: 472.826958ms"
level=INFO ts=2020-05-04T07:21:53.050651251Z app=device-simple source=init.go:138 msg="Check Metadata service's status ..."
level=INFO ts=2020-05-04T07:21:53.0508223Z app=device-simple source=init.go:138 msg="Check Data service's status ..."
level=INFO ts=2020-05-04T07:21:53.129135588Z app=device-simple source=init.go:48 msg="Service clients initialize successful."
level=INFO ts=2020-05-04T07:21:53.19128839Z app=device-simple source=service.go:153 msg="Device Service device-simple exists"
level=INFO ts=2020-05-04T07:21:53.231954849Z app=device-simple source=service.go:96 msg="*Service Start() called, name=device-simple, version=0.0.0"
level=INFO ts=2020-05-04T07:21:53.260719827Z app=device-simple source=service.go:100 msg="Listening on port: 49990"
level=ERROR ts=2020-05-04T07:21:53.301559182Z app=device-simple source=profiles.go:88 msg="Add Device Profile: /home/mathieu/go/src/github.com/edgexfoundry/device-simple/cmd/device-simple/res/Simple-Driver.yaml to Core Metadata failed: 400 - Device ID and Name are both blank\n"
level=INFO ts=2020-05-04T07:21:53.353413053Z app=device-simple source=service.go:127 msg="Service started in: 304.546478ms"
level=INFO ts=2020-05-04T07:22:03.703152955Z app=device-simple source=utils.go:85 Content-Type=application/json correlation-id=2f9b5720-ee12-4d42-826c-5c3cadba59f7 msg="SendEvent: Pushed event to core data"
level=INFO ts=2020-05-04T07:22:13.414915463Z app=device-simple source=utils.go:85 Content-Type=application/json correlation-id=fb4007e4-8422-4e88-ba1d-7a4dfa5a9ccc msg="SendEvent: Pushed event to core data"
level=INFO ts=2020-05-04T07:22:23.358770332Z app=device-simple source=utils.go:85 Content-Type=application/json correlation-id=862fc3d2-ba17-4313-9fd4-ad8cdca86705 msg="SendEvent: Pushed event to core data"
level=INFO ts=2020-05-04T07:22:33.362758319Z app=device-simple source=utils.go:85 Content-Type=application/json correlation-id=43324360-1f7f-4328-bd7e-2423d047c955 msg="SendEvent: Pushed event to core data"
level=INFO ts=2020-05-04T07:22:43.380907984Z app=device-simple source=utils.go:85 Content-Type=application/json correlation-id=67d85f38-f7a1-4864-bf59-b8d664e39b2d msg="SendEvent: Pushed event to core data"
level=INFO ts=2020-05-04T07:22:53.360440934Z app=device-simple source=utils.go:85 Content-Type=application/json correlation-id=233d558b-7f01-4f10-a0d0-a9bbdb7a9917 msg="SendEvent: Pushed event to core data"
level=INFO ts=2020-05-04T07:23:03.364960131Z app=device-simple source=utils.go:85 Content-Type=application/json correlation-id=e4656a6d-3ce8-47c2-ad07-3c4562f173a4 msg="SendEvent: Pushed event to core data"
level=INFO ts=2020-05-04T07:23:13.394628396Z app=device-simple source=utils.go:85 Content-Type=application/json correlation-id=fba53bae-09d6-4680-bd1e-8ea52ac57425 msg="SendEvent: Pushed event to core data"
level=INFO ts=2020-05-04T07:23:23.361903968Z app=device-simple source=utils.go:85 Content-Type=application/json correlation-id=b983837f-417d-4000-844c-12577f1d7c94 msg="SendEvent: Pushed event to core data"
level=INFO ts=2020-05-04T07:23:33.368541293Z app=device-simple source=utils.go:85 Content-Type=application/json correlation-id=17ec4c00-5754-4517-b8b6-ae0784d91e19 msg="SendEvent: Pushed event to core data"
level=INFO ts=2020-05-04T07:23:43.37897611Z app=device-simple source=utils.go:85 Content-Type=application/json correlation-id=0dd244d9-3651-4b69-a3e2-9ca0a3b01762 msg="SendEvent: Pushed event to core data"
level=INFO ts=2020-05-04T07:23:53.363353603Z app=device-simple source=utils.go:85 Content-Type=application/json correlation-id=3d88b51c-2570-433b-b72e-6ef665a246e6 msg="SendEvent: Pushed event to core data"
level=INFO ts=2020-05-04T07:24:03.368856541Z app=device-simple source=utils.go:85 Content-Type=application/json correlation-id=6afa88f2-5490-4bb0-ad68-fa927b096642 msg="SendEvent: Pushed event to core data"
level=INFO ts=2020-05-04T07:24:13.39992298Z app=device-simple source=utils.go:85 Content-Type=application/json correlation-id=d9fbf869-a669-4e06-a4df-48dbdb90d7ee msg="SendEvent: Pushed event to core data"
level=INFO ts=2020-05-04T07:24:23.383541061Z app=device-simple source=utils.go:85 Content-Type=application/json correlation-id=1db76643-6eff-4962-a4a4-4129cd3470cf msg="SendEvent: Pushed event to core data"
level=INFO ts=2020-05-04T07:24:33.368978638Z app=device-simple source=utils.go:85 Content-Type=application/json correlation-id=669e0d99-2735-4b2e-a170-1f971adf9d49 msg="SendEvent: Pushed event to core data"
level=INFO ts=2020-05-04T07:24:43.387765036Z app=device-simple source=utils.go:85 Content-Type=application/json correlation-id=d2321cac-0bb7-4c33-babd-a01a8bd4bd8c msg="SendEvent: Pushed event to core data"
level=INFO ts=2020-05-04T07:24:53.390156506Z app=device-simple source=utils.go:85 Content-Type=application/json correlation-id=86262cff-62ae-44c2-8406-16bd64720ae2 msg="SendEvent: Pushed event to core data"
level=INFO ts=2020-05-04T07:25:03.368670236Z app=device-simple source=utils.go:85 Content-Type=application/json correlation-id=55bbf97f-3354-483f-864e-103195e2c76a msg="SendEvent: Pushed event to core data"
level=INFO ts=2020-05-04T07:25:13.367158904Z app=device-simple source=utils.go:85 Content-Type=application/json correlation-id=e6e1d5e7-721c-480c-a68b-4c4229cba6d5 msg="SendEvent: Pushed event to core data"
level=INFO ts=2020-05-04T07:25:23.383221743Z app=device-simple source=utils.go:85 Content-Type=application/json correlation-id=73f4fe5d-d1f4-4d32-a528-8f5e0baaf175 msg="SendEvent: Pushed event to core data"
level=INFO ts=2020-05-04T07:25:33.367872838Z app=device-simple source=utils.go:85 Content-Type=application/json correlation-id=f6a7fa5f-9fe9-40a3-a985-22976de8f277 msg="SendEvent: Pushed event to core data"
level=INFO ts=2020-05-04T07:25:43.390053547Z app=device-simple source=utils.go:85 Content-Type=application/json correlation-id=1bad93ac-b37d-4e37-a20c-85443e98a809 msg="SendEvent: Pushed event to core data"
level=INFO ts=2020-05-04T07:25:53.367620255Z app=device-simple source=utils.go:85 Content-Type=application/json correlation-id=bfb7f28e-c70f-457a-9de2-456513c143ae msg="SendEvent: Pushed event to core data"
level=INFO ts=2020-05-04T07:26:03.385749359Z app=device-simple source=utils.go:85 Content-Type=application/json correlation-id=f2ee8179-8d08-4b35-8393-a4784bb38b04 msg="SendEvent: Pushed event to core data"
level=INFO ts=2020-05-04T07:26:13.408070966Z app=device-simple source=utils.go:85 Content-Type=application/json correlation-id=9910b4bf-c2fc-44d6-ab6a-cccb8cf0c711 msg="SendEvent: Pushed event to core data"
level=INFO ts=2020-05-04T07:26:23.369659094Z app=device-simple source=utils.go:85 Content-Type=application/json correlation-id=04ad4e77-ea86-4cda-bdf8-57865695a0ce msg="SendEvent: Pushed event to core data"
level=INFO ts=2020-05-04T07:26:33.37341352Z app=device-simple source=utils.go:85 Content-Type=application/json correlation-id=da7d7da3-6143-46ed-a936-b99f3e40ed8c msg="SendEvent: Pushed event to core data"
level=INFO ts=2020-05-04T07:26:43.395593578Z app=device-simple source=utils.go:85 Content-Type=application/json correlation-id=9a7b6299-588e-4bff-b6b7-297b1595e425 msg="SendEvent: Pushed event to core data"
level=INFO ts=2020-05-04T07:26:53.368588244Z app=device-simple source=utils.go:85 Content-Type=application/json correlation-id=32b09be7-95ea-4b8c-982e-7ece8e5f1990 msg="SendEvent: Pushed event to core data"
level=INFO ts=2020-05-04T07:27:03.378926819Z app=device-simple source=utils.go:85 Content-Type=application/json correlation-id=403f523e-7fc8-423e-9f89-f5bd16b49246 msg="SendEvent: Pushed event to core data"
level=INFO ts=2020-05-04T07:27:13.373964283Z app=device-simple source=utils.go:85 Content-Type=application/json correlation-id=98efbc32-ead7-401a-9f60-7e3083c0486a msg="SendEvent: Pushed event to core data"
level=INFO ts=2020-05-04T07:27:23.37011857Z app=device-simple source=utils.go:85 Content-Type=application/json correlation-id=67642a10-84fa-4760-bde2-f7c97ea1df6b msg="SendEvent: Pushed event to core data"
level=INFO ts=2020-05-04T07:27:33.373456022Z app=device-simple source=utils.go:85 Content-Type=application/json correlation-id=9e653d02-92d3-45c4-8cea-000b74bc473a msg="SendEvent: Pushed event to core data"
level=INFO ts=2020-05-04T07:27:43.395925699Z app=device-simple source=utils.go:85 Content-Type=application/json correlation-id=3aef20db-a6fd-467c-ae2a-e05b99fcfc52 msg="SendEvent: Pushed event to core data"
level=INFO ts=2020-05-04T07:27:53.370558764Z app=device-simple source=utils.go:85 Content-Type=application/json correlation-id=54cb8e28-8d39-4990-8fcf-2a672c9ce96b msg="SendEvent: Pushed event to core data"
level=INFO ts=2020-05-04T07:28:03.392805781Z app=device-simple source=utils.go:85 Content-Type=application/json correlation-id=36443900-33b8-49e8-8dde-e0b3b3f372c8 msg="SendEvent: Pushed event to core data"
level=INFO ts=2020-05-04T07:28:13.398560556Z app=device-simple source=utils.go:85 Content-Type=application/json correlation-id=b62f87b5-ecf9-4b8f-bc7d-14b010fd1c95 msg="SendEvent: Pushed event to core data"
level=INFO ts=2020-05-04T07:28:23.382428489Z app=device-simple source=utils.go:85 Content-Type=application/json correlation-id=0de690b6-8245-4147-bb1d-7ba13aa7bb94 msg="SendEvent: Pushed event to core data"
level=INFO ts=2020-05-04T07:28:33.415149995Z app=device-simple source=utils.go:85 Content-Type=application/json correlation-id=1a7184a9-6e9f-4725-bf67-724ab24d25c8 msg="SendEvent: Pushed event to core data"
level=INFO ts=2020-05-04T07:28:43.442428325Z app=device-simple source=utils.go:85 Content-Type=application/json correlation-id=9290f868-a9fd-4f2c-afa4-cbb2f335771d msg="SendEvent: Pushed event to core data"
level=INFO ts=2020-05-04T07:28:53.384154198Z app=device-simple source=utils.go:85 Content-Type=application/json correlation-id=683b1bcc-a801-47b6-a8da-5b7e755834a0 msg="SendEvent: Pushed event to core data"
level=INFO ts=2020-05-04T07:29:03.400279577Z app=device-simple source=utils.go:85 Content-Type=application/json correlation-id=27a2652d-3407-4260-8513-5df84b936803 msg="SendEvent: Pushed event to core data"
level=INFO ts=2020-05-04T07:29:13.413621142Z app=device-simple source=utils.go:85 Content-Type=application/json correlation-id=14ff9528-0306-477d-9914-abfdb52a2ed3 msg="SendEvent: Pushed event to core data"
level=INFO ts=2020-05-04T07:29:23.385713096Z app=device-simple source=utils.go:85 Content-Type=application/json correlation-id=6c95a592-ed96-4e97-b40b-39952d262140 msg="SendEvent: Pushed event to core data"
level=INFO ts=2020-05-04T07:29:33.390028968Z app=device-simple source=utils.go:85 Content-Type=application/json correlation-id=9ecf6f47-132e-487f-9b1d-928d2fc93f24 msg="SendEvent: Pushed event to core data"
level=INFO ts=2020-05-04T07:29:43.402059431Z app=device-simple source=utils.go:85 Content-Type=application/json correlation-id=114ca993-a3ba-453b-8ed5-d7d39f481615 msg="SendEvent: Pushed event to core data"
level=INFO ts=2020-05-04T07:29:53.385314514Z app=device-simple source=utils.go:85 Content-Type=application/json correlation-id=746fb6fe-91ad-444e-8efe-5d420989ddb5 msg="SendEvent: Pushed event to core data"
level=INFO ts=2020-05-04T07:30:03.391250297Z app=device-simple source=utils.go:85 Content-Type=application/json correlation-id=51b6c9e0-768b-4eea-a042-865a281e8ced msg="SendEvent: Pushed event to core data"
level=INFO ts=2020-05-04T07:30:13.408991789Z app=device-simple source=utils.go:85 Content-Type=application/json correlation-id=03cbadb9-a45a-4679-bc04-57819cc91674 msg="SendEvent: Pushed event to core data"
level=INFO ts=2020-05-04T07:30:23.432032936Z app=device-simple source=utils.go:85 Content-Type=application/json correlation-id=79560672-209b-4af8-9159-acebb6371021 msg="SendEvent: Pushed event to core data"
level=INFO ts=2020-05-04T07:30:33.416348273Z app=device-simple source=utils.go:85 Content-Type=application/json correlation-id=a06a0f3b-985f-4d5b-9a01-7bbe1aa9a7eb msg="SendEvent: Pushed event to core data"
level=INFO ts=2020-05-04T07:30:43.416336055Z app=device-simple source=utils.go:85 Content-Type=application/json correlation-id=d2b1b749-f527-488b-8926-f5e71d296c13 msg="SendEvent: Pushed event to core data"
level=INFO ts=2020-05-04T07:30:53.389551521Z app=device-simple source=utils.go:85 Content-Type=application/json correlation-id=90d55cae-1a16-464a-be53-4130951dcc90 msg="SendEvent: Pushed event to core data"
level=INFO ts=2020-05-04T07:31:03.419385261Z app=device-simple source=utils.go:85 Content-Type=application/json correlation-id=90dd7299-8a5c-4295-89f1-35fb3f507484 msg="SendEvent: Pushed event to core data"
level=INFO ts=2020-05-04T07:31:13.400722018Z app=device-simple source=utils.go:85 Content-Type=application/json correlation-id=725f89ea-f74d-4fc0-a49e-03002b02d363 msg="SendEvent: Pushed event to core data"
level=INFO ts=2020-05-04T07:31:23.40158936Z app=device-simple source=utils.go:85 Content-Type=application/json correlation-id=7d1cca36-7b73-48b1-acb7-7795ca42e624 msg="SendEvent: Pushed event to core data"
level=INFO ts=2020-05-04T07:31:33.466799135Z app=device-simple source=utils.go:85 Content-Type=application/json correlation-id=26648633-36fd-47a2-8da9-f69bbf7be840 msg="SendEvent: Pushed event to core data"
level=INFO ts=2020-05-04T07:31:43.413525576Z app=device-simple source=utils.go:85 Content-Type=application/json correlation-id=35f6b5ac-2ccc-402b-afe1-4d030c975e94 msg="SendEvent: Pushed event to core data"
level=INFO ts=2020-05-04T07:31:53.393872401Z app=device-simple source=utils.go:85 Content-Type=application/json correlation-id=c7b0695f-fd72-4dd0-83dc-d454566fd6aa msg="SendEvent: Pushed event to core data"
level=INFO ts=2020-05-04T07:32:03.396857379Z app=device-simple source=utils.go:85 Content-Type=application/json correlation-id=9a38964e-4f2c-4c32-af19-c1bda470e233 msg="SendEvent: Pushed event to core data"
level=INFO ts=2020-05-04T07:32:13.409188919Z app=device-simple source=utils.go:85 Content-Type=application/json correlation-id=a94f2b3b-fe44-4ad1-bb6a-bf68ea5b3389 msg="SendEvent: Pushed event to core data"
level=INFO ts=2020-05-04T07:32:23.390282388Z app=device-simple source=utils.go:85 Content-Type=application/json correlation-id=11bef201-40ce-482e-a42d-1fa314824bde msg="SendEvent: Pushed event to core data"
level=INFO ts=2020-05-04T07:32:33.420223373Z app=device-simple source=utils.go:85 Content-Type=application/json correlation-id=acf4599c-b97a-4c0e-bbaf-bfe4bb9702a5 msg="SendEvent: Pushed event to core data"
level=INFO ts=2020-05-04T07:32:43.425236338Z app=device-simple source=utils.go:85 Content-Type=application/json correlation-id=7b8a2829-ec27-4a97-a46e-c43a6aa570aa msg="SendEvent: Pushed event to core data"
level=INFO ts=2020-05-04T07:32:53.395406982Z app=device-simple source=utils.go:85 Content-Type=application/json correlation-id=45a4bae2-2058-44e7-9237-463909748123 msg="SendEvent: Pushed event to core data"
level=INFO ts=2020-05-04T07:33:03.422125876Z app=device-simple source=utils.go:85 Content-Type=application/json correlation-id=66a6a401-1d65-4be5-bc16-287b80616412 msg="SendEvent: Pushed event to core data"
level=INFO ts=2020-05-04T07:33:13.420912355Z app=device-simple source=utils.go:85 Content-Type=application/json correlation-id=48b334a5-1800-4a0e-805d-d2c0c6ed2ebf msg="SendEvent: Pushed event to core data"
level=INFO ts=2020-05-04T07:33:23.399427457Z app=device-simple source=utils.go:85 Content-Type=application/json correlation-id=ebd32553-4fc1-4580-ba6a-5a59d4bfc4fc msg="SendEvent: Pushed event to core data"
level=INFO ts=2020-05-04T07:33:33.398110472Z app=device-simple source=utils.go:85 Content-Type=application/json correlation-id=223a4d1c-4180-4d79-b170-2c163318caa3 msg="SendEvent: Pushed event to core data"
level=INFO ts=2020-05-04T07:33:43.407423507Z app=device-simple source=utils.go:85 Content-Type=application/json correlation-id=414f62a8-03a7-4492-9f8e-cdbd80256e1f msg="SendEvent: Pushed event to core data"
level=INFO ts=2020-05-04T07:33:53.414318238Z app=device-simple source=utils.go:85 Content-Type=application/json correlation-id=75cbd96f-9af9-4ab7-94a5-aeae2f48ffb6 msg="SendEvent: Pushed event to core data"
level=INFO ts=2020-05-04T07:34:03.401270252Z app=device-simple source=utils.go:85 Content-Type=application/json correlation-id=86b35604-8e72-43a6-8532-8df4cfd0bb61 msg="SendEvent: Pushed event to core data"
level=INFO ts=2020-05-04T07:34:13.415079943Z app=device-simple source=utils.go:85 Content-Type=application/json correlation-id=90c9eeba-f910-4c25-816c-c15db7ffd74d msg="SendEvent: Pushed event to core data"
level=INFO ts=2020-05-04T07:34:23.424655432Z app=device-simple source=utils.go:85 Content-Type=application/json correlation-id=18675ead-0a2a-4fd9-9af3-1ededa0fc71a msg="SendEvent: Pushed event to core data"
level=INFO ts=2020-05-04T07:34:33.426442641Z app=device-simple source=utils.go:85 Content-Type=application/json correlation-id=753a0107-e0b1-4f64-a550-5bc2b098994e msg="SendEvent: Pushed event to core data"
level=INFO ts=2020-05-04T07:34:43.430620196Z app=device-simple source=utils.go:85 Content-Type=application/json correlation-id=206204e8-83fa-4c5b-a7a9-2048809a8b31 msg="SendEvent: Pushed event to core data"
level=ERROR ts=2020-05-04T07:34:53.398072133Z app=device-simple source=utils.go:83 device=RandNum-Device01 response= error="Post \"http://localhost:48080/api/v1/event\": dial tcp [::1]:48080: connect: connection refused" msg="SendEvent Failed to push event"
