level=INFO ts=2020-05-13T06:44:14.841031586Z app=edgex-device-mqtt source=init.go:138 msg="Check Metadata service's status ..."
level=INFO ts=2020-05-13T06:44:14.841122789Z app=edgex-device-mqtt source=init.go:138 msg="Check Data service's status ..."
level=INFO ts=2020-05-13T06:44:14.934741207Z app=edgex-device-mqtt source=init.go:48 msg="Service clients initialize successful."
level=INFO ts=2020-05-13T06:44:15.024315152Z app=edgex-device-mqtt source=service.go:146 msg="Device Service  doesn't exist, creating a new one"
level=INFO ts=2020-05-13T06:44:15.085476135Z app=edgex-device-mqtt source=service.go:202 msg="Addressable edgex-device-mqtt doesn't exist, creating a new one"
level=INFO ts=2020-05-13T06:44:15.135961668Z app=edgex-device-mqtt source=service.go:96 msg="*Service Start() called, name=edgex-device-mqtt, version=1.1.1"
level=INFO ts=2020-05-13T06:44:15.174938509Z app=edgex-device-mqtt source=service.go:100 msg="Listening on port: 49982"
level=INFO ts=2020-05-13T06:44:15.234096169Z app=edgex-device-mqtt source=driver.go:279 msg="Create MQTT client and connection: uri=tcp://admin:public@broker.hivemq.com:1883 clientID=CommandResponseSubscriber "
level=INFO ts=2020-05-13T06:44:15.234223202Z app=edgex-device-mqtt source=driver.go:279 msg="Create MQTT client and connection: uri=tcp://admin:public@broker.hivemq.com:1883 clientID=IncomingDataSubscriber "
level=INFO ts=2020-05-13T06:44:15.236507342Z app=edgex-device-mqtt source=service.go:127 msg="Service started in: 396.967297ms"
level=INFO ts=2020-05-13T06:44:15.566659271Z app=edgex-device-mqtt source=incominglistener.go:54 msg="[Incoming listener] Start incoming data listening. "
level=WARN ts=2020-05-13T06:44:15.566672346Z app=edgex-device-mqtt source=incominglistener.go:109 msg="[Incoming listener] Incoming reading ignored. No name found : msg=map[]"
level=INFO ts=2020-05-13T06:44:15.566909561Z app=edgex-device-mqtt source=responselistener.go:52 msg="[Response listener] Start command response listening. "
level=ERROR ts=2020-05-13T06:44:33.426084576Z app=edgex-device-mqtt source=managedprofiles.go:144 msg="retrieving DeviceResource - Device MQTT-test-device not found"
level=WARN ts=2020-05-13T06:44:33.477756417Z app=edgex-device-mqtt source=incominglistener.go:79 msg="[Incoming listener] Incoming reading ignored. No DeviceObject found : topic=MathTopic msg={\"name\":\"MQTT-test-device\",\"cmd\":\"randfloat32\",\"randfloat32\":\"1.2\"}"
level=ERROR ts=2020-05-13T06:45:01.74318537Z app=edgex-device-mqtt source=managedprofiles.go:144 msg="retrieving DeviceResource - Device MQTT-test-device not found"
level=WARN ts=2020-05-13T06:45:01.781830197Z app=edgex-device-mqtt source=incominglistener.go:79 msg="[Incoming listener] Incoming reading ignored. No DeviceObject found : topic=MathTopic msg={\"name\":\"MQTT-test-device\",\"cmd\":\"randfloat32\",\"randfloat32\":\"1.2\"}"
level=ERROR ts=2020-05-13T06:46:49.840024827Z app=edgex-device-mqtt source=managedprofiles.go:144 msg="retrieving DeviceResource - Device MQTT test device not found"
level=WARN ts=2020-05-13T06:46:49.881514051Z app=edgex-device-mqtt source=incominglistener.go:79 msg="[Incoming listener] Incoming reading ignored. No DeviceObject found : topic=MathTopic msg={\"name\":\"MQTT test device\",\"cmd\":\"randfloat32\",\"randfloat32\":\"1.2\"}"
level=WARN ts=2020-05-13T06:47:28.196866812Z app=edgex-device-mqtt source=incominglistener.go:109 msg="[Incoming listener] Incoming reading ignored. No name found : msg=map[cmd:randfloat32 device:MQTT test device randfloat32:1.2]"
level=WARN ts=2020-05-13T06:48:12.358658656Z app=edgex-device-mqtt source=driver.go:273 msg="Driver's Stop function didn't implement"
level=INFO ts=2020-05-13T06:48:15.160152395Z app=edgex-device-mqtt source=init.go:138 msg="Check Metadata service's status ..."
level=INFO ts=2020-05-13T06:48:15.160375477Z app=edgex-device-mqtt source=init.go:138 msg="Check Data service's status ..."
level=INFO ts=2020-05-13T06:48:15.254211474Z app=edgex-device-mqtt source=init.go:48 msg="Service clients initialize successful."
level=INFO ts=2020-05-13T06:48:15.320600922Z app=edgex-device-mqtt source=service.go:153 msg="Device Service edgex-device-mqtt exists"
level=INFO ts=2020-05-13T06:48:15.408471077Z app=edgex-device-mqtt source=service.go:96 msg="*Service Start() called, name=edgex-device-mqtt, version=1.1.1"
level=INFO ts=2020-05-13T06:48:15.444241621Z app=edgex-device-mqtt source=service.go:100 msg="Listening on port: 49982"
level=INFO ts=2020-05-13T06:48:15.486217143Z app=edgex-device-mqtt source=driver.go:279 msg="Create MQTT client and connection: uri=tcp://admin:public@broker.hivemq.com:1883 clientID=CommandResponseSubscriber "
level=INFO ts=2020-05-13T06:48:15.48632062Z app=edgex-device-mqtt source=driver.go:279 msg="Create MQTT client and connection: uri=tcp://admin:public@broker.hivemq.com:1883 clientID=IncomingDataSubscriber "
level=INFO ts=2020-05-13T06:48:15.488069763Z app=edgex-device-mqtt source=service.go:127 msg="Service started in: 330.167248ms"
level=INFO ts=2020-05-13T06:48:15.737996696Z app=edgex-device-mqtt source=incominglistener.go:54 msg="[Incoming listener] Start incoming data listening. "
level=WARN ts=2020-05-13T06:48:15.738013363Z app=edgex-device-mqtt source=incominglistener.go:109 msg="[Incoming listener] Incoming reading ignored. No name found : msg=map[]"
level=INFO ts=2020-05-13T06:48:15.742206463Z app=edgex-device-mqtt source=responselistener.go:52 msg="[Response listener] Start command response listening. "
level=ERROR ts=2020-05-13T06:48:23.975358825Z app=edgex-device-mqtt source=managedprofiles.go:144 msg="retrieving DeviceResource - Device MQTT test device not found"
level=WARN ts=2020-05-13T06:48:24.012888123Z app=edgex-device-mqtt source=incominglistener.go:79 msg="[Incoming listener] Incoming reading ignored. No DeviceObject found : topic=MathTopic msg={\"name\":\"MQTT test device\",\"cmd\":\"randfloat32\",\"randfloat32\":\"1.2\"}"
level=WARN ts=2020-05-13T06:52:41.108779493Z app=edgex-device-mqtt source=driver.go:273 msg="Driver's Stop function didn't implement"
level=INFO ts=2020-05-13T06:52:58.022515688Z app=edgex-device-mqtt source=init.go:138 msg="Check Metadata service's status ..."
level=INFO ts=2020-05-13T06:52:58.022694206Z app=edgex-device-mqtt source=init.go:138 msg="Check Data service's status ..."
level=INFO ts=2020-05-13T06:52:58.104267387Z app=edgex-device-mqtt source=init.go:48 msg="Service clients initialize successful."
level=INFO ts=2020-05-13T06:52:58.166724507Z app=edgex-device-mqtt source=service.go:153 msg="Device Service edgex-device-mqtt exists"
level=INFO ts=2020-05-13T06:52:58.221972698Z app=edgex-device-mqtt source=service.go:96 msg="*Service Start() called, name=edgex-device-mqtt, version=1.1.1"
level=INFO ts=2020-05-13T06:52:58.260581756Z app=edgex-device-mqtt source=service.go:100 msg="Listening on port: 49982"
level=INFO ts=2020-05-13T06:52:58.302791159Z app=edgex-device-mqtt source=driver.go:279 msg="Create MQTT client and connection: uri=tcp://admin:public@broker.hivemq.com:1883 clientID=CommandResponseSubscriber "
level=INFO ts=2020-05-13T06:52:58.302509073Z app=edgex-device-mqtt source=driver.go:279 msg="Create MQTT client and connection: uri=tcp://admin:public@broker.hivemq.com:1883 clientID=IncomingDataSubscriber "
level=INFO ts=2020-05-13T06:52:58.320046491Z app=edgex-device-mqtt source=service.go:127 msg="Service started in: 299.870628ms"
level=INFO ts=2020-05-13T06:52:58.579882857Z app=edgex-device-mqtt source=incominglistener.go:54 msg="[Incoming listener] Start incoming data listening. "
level=WARN ts=2020-05-13T06:52:58.580194833Z app=edgex-device-mqtt source=incominglistener.go:109 msg="[Incoming listener] Incoming reading ignored. No name found : msg=map[]"
level=INFO ts=2020-05-13T06:52:58.582838254Z app=edgex-device-mqtt source=responselistener.go:52 msg="[Response listener] Start command response listening. "
level=ERROR ts=2020-05-13T06:53:38.948282974Z app=edgex-device-mqtt source=managedprofiles.go:144 msg="retrieving DeviceResource - Device MQTT test device not found"
level=WARN ts=2020-05-13T06:53:38.991946668Z app=edgex-device-mqtt source=incominglistener.go:79 msg="[Incoming listener] Incoming reading ignored. No DeviceObject found : topic=MathTopic msg={\"name\":\"MQTT test device\",\"cmd\":\"randfloat32\",\"randfloat32\":\"1.2\"}"
level=ERROR ts=2020-05-13T06:53:58.726038647Z app=edgex-device-mqtt source=managedprofiles.go:144 msg="retrieving DeviceResource - Device MQTT-test-device not found"
level=WARN ts=2020-05-13T06:53:58.760382934Z app=edgex-device-mqtt source=incominglistener.go:79 msg="[Incoming listener] Incoming reading ignored. No DeviceObject found : topic=MathTopic msg={\"name\":\"MQTT-test-device\",\"cmd\":\"randfloat32\",\"randfloat32\":\"1.2\"}"
level=WARN ts=2020-05-13T06:57:17.657782777Z app=edgex-device-mqtt source=driver.go:273 msg="Driver's Stop function didn't implement"
level=INFO ts=2020-05-13T06:57:32.553051028Z app=edgex-device-mqtt source=init.go:138 msg="Check Data service's status ..."
level=INFO ts=2020-05-13T06:57:32.553104668Z app=edgex-device-mqtt source=init.go:138 msg="Check Metadata service's status ..."
level=INFO ts=2020-05-13T06:57:32.646871011Z app=edgex-device-mqtt source=init.go:48 msg="Service clients initialize successful."
level=INFO ts=2020-05-13T06:57:32.712891688Z app=edgex-device-mqtt source=service.go:153 msg="Device Service edgex-device-mqtt exists"
level=INFO ts=2020-05-13T06:57:32.776318915Z app=edgex-device-mqtt source=service.go:96 msg="*Service Start() called, name=edgex-device-mqtt, version=1.1.1"
level=INFO ts=2020-05-13T06:57:32.81274023Z app=edgex-device-mqtt source=service.go:100 msg="Listening on port: 49982"
level=INFO ts=2020-05-13T06:57:32.854445454Z app=edgex-device-mqtt source=driver.go:279 msg="Create MQTT client and connection: uri=tcp://admin:public@broker.hivemq.com:1883 clientID=IncomingDataSubscriber "
level=INFO ts=2020-05-13T06:57:32.85451742Z app=edgex-device-mqtt source=driver.go:279 msg="Create MQTT client and connection: uri=tcp://admin:public@0.0.0.0:1883 clientID=CommandResponseSubscriber "
level=INFO ts=2020-05-13T06:57:32.856860063Z app=edgex-device-mqtt source=service.go:127 msg="Service started in: 306.191904ms"
level=INFO ts=2020-05-13T06:57:32.938914626Z app=edgex-device-mqtt source=responselistener.go:52 msg="[Response listener] Start command response listening. "
level=INFO ts=2020-05-13T06:57:33.081528686Z app=edgex-device-mqtt source=incominglistener.go:54 msg="[Incoming listener] Start incoming data listening. "
level=WARN ts=2020-05-13T06:57:33.082596954Z app=edgex-device-mqtt source=incominglistener.go:109 msg="[Incoming listener] Incoming reading ignored. No name found : msg=map[]"
level=ERROR ts=2020-05-13T06:57:44.895717442Z app=edgex-device-mqtt source=managedprofiles.go:144 msg="retrieving DeviceResource - Device MQTT-test-device not found"
level=WARN ts=2020-05-13T06:57:44.938838418Z app=edgex-device-mqtt source=incominglistener.go:79 msg="[Incoming listener] Incoming reading ignored. No DeviceObject found : topic=MathTopic msg={\"name\":\"MQTT-test-device\",\"cmd\":\"randfloat32\",\"randfloat32\":\"1.2\"}"
level=WARN ts=2020-05-13T06:59:28.350437705Z app=edgex-device-mqtt source=driver.go:273 msg="Driver's Stop function didn't implement"
level=INFO ts=2020-05-13T06:59:38.779047106Z app=edgex-device-mqtt source=init.go:138 msg="Check Metadata service's status ..."
level=INFO ts=2020-05-13T06:59:38.779403484Z app=edgex-device-mqtt source=init.go:138 msg="Check Data service's status ..."
level=INFO ts=2020-05-13T06:59:38.884143122Z app=edgex-device-mqtt source=init.go:48 msg="Service clients initialize successful."
level=INFO ts=2020-05-13T06:59:38.952371085Z app=edgex-device-mqtt source=service.go:153 msg="Device Service edgex-device-mqtt exists"
level=INFO ts=2020-05-13T06:59:39.011141853Z app=edgex-device-mqtt source=service.go:96 msg="*Service Start() called, name=edgex-device-mqtt, version=1.1.1"
level=INFO ts=2020-05-13T06:59:39.058103474Z app=edgex-device-mqtt source=service.go:100 msg="Listening on port: 49982"
level=INFO ts=2020-05-13T06:59:39.10842022Z app=edgex-device-mqtt source=driver.go:279 msg="Create MQTT client and connection: uri=tcp://admin:public@0.0.0.0:1883 clientID=CommandResponseSubscriber "
level=INFO ts=2020-05-13T06:59:39.108741802Z app=edgex-device-mqtt source=driver.go:279 msg="Create MQTT client and connection: uri=tcp://admin:public@broker.hivemq.com:1883 clientID=IncomingDataSubscriber "
level=INFO ts=2020-05-13T06:59:39.110328243Z app=edgex-device-mqtt source=service.go:127 msg="Service started in: 333.547547ms"
level=INFO ts=2020-05-13T06:59:39.159726801Z app=edgex-device-mqtt source=responselistener.go:52 msg="[Response listener] Start command response listening. "
level=INFO ts=2020-05-13T06:59:39.370921218Z app=edgex-device-mqtt source=incominglistener.go:54 msg="[Incoming listener] Start incoming data listening. "
level=WARN ts=2020-05-13T06:59:39.371210225Z app=edgex-device-mqtt source=incominglistener.go:109 msg="[Incoming listener] Incoming reading ignored. No name found : msg=map[]"
level=ERROR ts=2020-05-13T06:59:42.766822797Z app=edgex-device-mqtt source=managedprofiles.go:144 msg="retrieving DeviceResource - Device MQTT-test-device not found"
level=WARN ts=2020-05-13T06:59:42.800820025Z app=edgex-device-mqtt source=incominglistener.go:79 msg="[Incoming listener] Incoming reading ignored. No DeviceObject found : topic=MathTopic msg={\"name\":\"MQTT-test-device\",\"cmd\":\"randfloat32\",\"randfloat32\":\"1.2\"}"
level=WARN ts=2020-05-13T07:06:23.895811962Z app=edgex-device-mqtt source=incominglistener.go:109 msg="[Incoming listener] Incoming reading ignored. No name found : msg=map[]"
level=ERROR ts=2020-05-13T07:06:45.79108355Z app=edgex-device-mqtt source=managedprofiles.go:144 msg="retrieving DeviceResource - Device MQTT-test-device not found"
level=WARN ts=2020-05-13T07:06:45.83842343Z app=edgex-device-mqtt source=incominglistener.go:79 msg="[Incoming listener] Incoming reading ignored. No DeviceObject found : topic=MathTopic msg={\"name\":\"MQTT-test-device\",\"cmd\":\"randfloat32\",\"randfloat32\":\"1.2\"}"
level=WARN ts=2020-05-13T07:08:13.275124686Z app=edgex-device-mqtt source=driver.go:273 msg="Driver's Stop function didn't implement"
level=INFO ts=2020-05-13T07:08:27.426695412Z app=edgex-device-mqtt source=init.go:138 msg="Check Metadata service's status ..."
level=INFO ts=2020-05-13T07:08:27.438842646Z app=edgex-device-mqtt source=init.go:138 msg="Check Data service's status ..."
level=INFO ts=2020-05-13T07:08:27.549568106Z app=edgex-device-mqtt source=init.go:48 msg="Service clients initialize successful."
level=INFO ts=2020-05-13T07:08:27.614045994Z app=edgex-device-mqtt source=service.go:153 msg="Device Service edgex-device-mqtt exists"
level=INFO ts=2020-05-13T07:08:27.678273032Z app=edgex-device-mqtt source=service.go:96 msg="*Service Start() called, name=edgex-device-mqtt, version=1.1.1"
level=INFO ts=2020-05-13T07:08:27.723084577Z app=edgex-device-mqtt source=service.go:100 msg="Listening on port: 49982"
level=INFO ts=2020-05-13T07:08:27.77325008Z app=edgex-device-mqtt source=driver.go:279 msg="Create MQTT client and connection: uri=tcp://admin:public@broker.hivemq.com:1883 clientID=IncomingDataSubscriber "
level=INFO ts=2020-05-13T07:08:27.773290301Z app=edgex-device-mqtt source=driver.go:279 msg="Create MQTT client and connection: uri=tcp://admin:public@0.0.0.0:1883 clientID=CommandResponseSubscriber "
level=INFO ts=2020-05-13T07:08:27.773951859Z app=edgex-device-mqtt source=service.go:127 msg="Service started in: 350.647907ms"
level=INFO ts=2020-05-13T07:08:27.874516875Z app=edgex-device-mqtt source=responselistener.go:52 msg="[Response listener] Start command response listening. "
level=INFO ts=2020-05-13T07:08:28.0058149Z app=edgex-device-mqtt source=incominglistener.go:54 msg="[Incoming listener] Start incoming data listening. "
level=WARN ts=2020-05-13T07:08:28.007054371Z app=edgex-device-mqtt source=incominglistener.go:109 msg="[Incoming listener] Incoming reading ignored. No name found : msg=map[]"
level=ERROR ts=2020-05-13T07:08:30.120520054Z app=edgex-device-mqtt source=managedprofiles.go:144 msg="retrieving DeviceResource - Device MQTT-test-device not found"
level=WARN ts=2020-05-13T07:08:30.157327696Z app=edgex-device-mqtt source=incominglistener.go:79 msg="[Incoming listener] Incoming reading ignored. No DeviceObject found : topic=MathTopic msg={\"name\":\"MQTT-test-device\",\"cmd\":\"randfloat32\",\"randfloat32\":\"1.2\"}"
level=ERROR ts=2020-05-13T07:12:00.918691821Z app=edgex-device-mqtt source=managedprofiles.go:144 msg="retrieving DeviceResource - Device MQTT-test-device not found"
level=WARN ts=2020-05-13T07:12:00.96668118Z app=edgex-device-mqtt source=incominglistener.go:79 msg="[Incoming listener] Incoming reading ignored. No DeviceObject found : topic=MathTopic msg={\"name\":\"MQTT-test-device\",\"cmd\":\"randfloat32\",\"randfloat32\":\"1.2\"}"
level=ERROR ts=2020-05-13T07:12:14.180981783Z app=edgex-device-mqtt source=managedprofiles.go:144 msg="retrieving DeviceResource - Device MQTT-test-device not found"
level=WARN ts=2020-05-13T07:12:14.217958516Z app=edgex-device-mqtt source=incominglistener.go:79 msg="[Incoming listener] Incoming reading ignored. No DeviceObject found : topic=MathTopic msg={\"name\":\"MQTT-test-device\",\"cmd\":\"randfloat32\",\"randfloat32\":\"1.2\"}"
level=ERROR ts=2020-05-13T07:12:24.629131354Z app=edgex-device-mqtt source=managedprofiles.go:144 msg="retrieving DeviceResource - Device MQTT-test-device not found"
level=WARN ts=2020-05-13T07:12:24.678121677Z app=edgex-device-mqtt source=incominglistener.go:79 msg="[Incoming listener] Incoming reading ignored. No DeviceObject found : topic=MathTopic msg={\"name\":\"MQTT-test-device\",\"cmd\":\"randfloat32\",\"randfloat32\":\"1.2\"}"
level=ERROR ts=2020-05-13T07:22:47.723941357Z app=edgex-device-mqtt source=managedprofiles.go:144 msg="retrieving DeviceResource - Device Test.Device.MQTT.Profile not found"
level=WARN ts=2020-05-13T07:22:47.770198769Z app=edgex-device-mqtt source=incominglistener.go:79 msg="[Incoming listener] Incoming reading ignored. No DeviceObject found : topic=MathTopic msg={\"name\":\"Test.Device.MQTT.Profile\",\"cmd\":\"randfloat32\",\"randfloat32\":\"1.2\"}"
level=WARN ts=2020-05-13T07:23:42.200163093Z app=edgex-device-mqtt source=incominglistener.go:109 msg="[Incoming listener] Incoming reading ignored. No name found : msg=map[Readings:[map[device:Device01 name:va:49:mdb_simu_var1 origin:1589354615799 value:6.999382] map[device:Device01 name:va:49:mdb_simu_var2 origin:1589354615799 value:6.321194]] device:Device01]"
level=WARN ts=2020-05-13T07:23:51.893802199Z app=edgex-device-mqtt source=incominglistener.go:109 msg="[Incoming listener] Incoming reading ignored. No name found : msg=map[Readings:[map[device:Device01 name:va:49:mdb_simu_var1 origin:1589354615799 value:6.909058] map[device:Device01 name:va:49:mdb_simu_var2 origin:1589354615799 value:1.346238]] device:Device01]"
level=WARN ts=2020-05-13T07:23:51.945612769Z app=edgex-device-mqtt source=incominglistener.go:109 msg="[Incoming listener] Incoming reading ignored. No name found : msg=map[Readings:[map[device:Device01 name:va:49:mdb_simu_var1 origin:1589354595805 value:4.01228] map[device:Device01 name:va:49:mdb_simu_var1 origin:1589354615799 value:4.27225] map[device:Device01 name:va:49:mdb_simu_var2 origin:1589354595805 value:6.360332] map[device:Device01 name:va:49:mdb_simu_var2 origin:1589354615799 value:8.681643]] device:Device01]"
level=WARN ts=2020-05-13T07:24:01.86789961Z app=edgex-device-mqtt source=incominglistener.go:109 msg="[Incoming listener] Incoming reading ignored. No name found : msg=map[Readings:[map[device:Device01 name:va:49:mdb_simu_var1 origin:1589354635801 value:4.899399] map[device:Device01 name:va:49:mdb_simu_var2 origin:1589354635801 value:0.535688]] device:Device01]"
level=WARN ts=2020-05-13T07:24:12.081734882Z app=edgex-device-mqtt source=incominglistener.go:109 msg="[Incoming listener] Incoming reading ignored. No name found : msg=map[Readings:[map[device:Device01 name:va:49:mdb_simu_var1 origin:1589354635801 value:1.632938] map[device:Device01 name:va:49:mdb_simu_var2 origin:1589354635801 value:6.812018]] device:Device01]"
level=WARN ts=2020-05-13T07:24:12.339899467Z app=edgex-device-mqtt source=incominglistener.go:109 msg="[Incoming listener] Incoming reading ignored. No name found : msg=map[Readings:[map[device:Device01 name:va:49:mdb_simu_var1 origin:1589354635801 value:2.434076] map[device:Device01 name:va:49:mdb_simu_var2 origin:1589354635801 value:8.632319]] device:Device01]"
level=WARN ts=2020-05-13T07:24:12.39650424Z app=edgex-device-mqtt source=incominglistener.go:109 msg="[Incoming listener] Incoming reading ignored. No name found : msg=map[Readings:[map[device:Device01 name:va:49:mdb_simu_var1 origin:1589354595805 value:3.133212] map[device:Device01 name:va:49:mdb_simu_var1 origin:1589354615799 value:7.719587] map[device:Device01 name:va:49:mdb_simu_var1 origin:1589354635801 value:4.910389] map[device:Device01 name:va:49:mdb_simu_var2 origin:1589354595805 value:6.436529] map[device:Device01 name:va:49:mdb_simu_var2 origin:1589354615799 value:7.823126] map[device:Device01 name:va:49:mdb_simu_var2 origin:1589354635801 value:7.852249]] device:Device01]"
level=WARN ts=2020-05-13T07:24:21.868445638Z app=edgex-device-mqtt source=incominglistener.go:109 msg="[Incoming listener] Incoming reading ignored. No name found : msg=map[Readings:[map[device:Device01 name:va:49:mdb_simu_var1 origin:1589354655801 value:4.515489] map[device:Device01 name:va:49:mdb_simu_var2 origin:1589354655801 value:8.055593]] device:Device01]"
level=WARN ts=2020-05-13T07:24:31.925205034Z app=edgex-device-mqtt source=incominglistener.go:109 msg="[Incoming listener] Incoming reading ignored. No name found : msg=map[Readings:[map[device:Device01 name:va:49:mdb_simu_var1 origin:1589354655801 value:5.397563] map[device:Device01 name:va:49:mdb_simu_var2 origin:1589354655801 value:3.213736]] device:Device01]"
level=WARN ts=2020-05-13T07:24:32.067850591Z app=edgex-device-mqtt source=incominglistener.go:109 msg="[Incoming listener] Incoming reading ignored. No name found : msg=map[Readings:[map[device:Device01 name:va:49:mdb_simu_var1 origin:1589354635801 value:7.68839] map[device:Device01 name:va:49:mdb_simu_var1 origin:1589354655801 value:3.644451] map[device:Device01 name:va:49:mdb_simu_var2 origin:1589354635801 value:6.280101] map[device:Device01 name:va:49:mdb_simu_var2 origin:1589354655801 value:6.021729]] device:Device01]"
level=WARN ts=2020-05-13T07:24:32.114710551Z app=edgex-device-mqtt source=incominglistener.go:109 msg="[Incoming listener] Incoming reading ignored. No name found : msg=map[Readings:[map[device:Device01 name:va:49:mdb_simu_var1 origin:1589354595805 value:1.761638] map[device:Device01 name:va:49:mdb_simu_var1 origin:1589354615799 value:0.033188] map[device:Device01 name:va:49:mdb_simu_var1 origin:1589354635801 value:1.247913] map[device:Device01 name:va:49:mdb_simu_var1 origin:1589354655801 value:1.8906] map[device:Device01 name:va:49:mdb_simu_var2 origin:1589354595805 value:3.880885] map[device:Device01 name:va:49:mdb_simu_var2 origin:1589354615799 value:8.156971] map[device:Device01 name:va:49:mdb_simu_var2 origin:1589354635801 value:3.236838] map[device:Device01 name:va:49:mdb_simu_var2 origin:1589354655801 value:7.893165]] device:Device01]"
level=WARN ts=2020-05-13T07:24:41.870474015Z app=edgex-device-mqtt source=incominglistener.go:109 msg="[Incoming listener] Incoming reading ignored. No name found : msg=map[Readings:[map[device:Device01 name:va:49:mdb_simu_var1 origin:1589354675802 value:2.42922] map[device:Device01 name:va:49:mdb_simu_var2 origin:1589354675802 value:9.597171]] device:Device01]"
level=WARN ts=2020-05-13T07:24:51.909081697Z app=edgex-device-mqtt source=incominglistener.go:109 msg="[Incoming listener] Incoming reading ignored. No name found : msg=map[Readings:[map[device:Device01 name:va:49:mdb_simu_var1 origin:1589354675802 value:6.574808] map[device:Device01 name:va:49:mdb_simu_var2 origin:1589354675802 value:7.328619]] device:Device01]"
level=WARN ts=2020-05-13T07:24:51.952679899Z app=edgex-device-mqtt source=incominglistener.go:109 msg="[Incoming listener] Incoming reading ignored. No name found : msg=map[Readings:[map[device:Device01 name:va:49:mdb_simu_var1 origin:1589354675802 value:0.132859] map[device:Device01 name:va:49:mdb_simu_var2 origin:1589354675802 value:8.207746]] device:Device01]"
level=WARN ts=2020-05-13T07:24:52.0010523Z app=edgex-device-mqtt source=incominglistener.go:109 msg="[Incoming listener] Incoming reading ignored. No name found : msg=map[Readings:[map[device:Device01 name:va:49:mdb_simu_var1 origin:1589354655801 value:4.140637] map[device:Device01 name:va:49:mdb_simu_var1 origin:1589354675802 value:2.566935] map[device:Device01 name:va:49:mdb_simu_var2 origin:1589354655801 value:6.840065] map[device:Device01 name:va:49:mdb_simu_var2 origin:1589354675802 value:7.273849]] device:Device01]"
level=WARN ts=2020-05-13T07:25:01.866961519Z app=edgex-device-mqtt source=incominglistener.go:109 msg="[Incoming listener] Incoming reading ignored. No name found : msg=map[Readings:[map[device:Device01 name:va:49:mdb_simu_var1 origin:1589354695801 value:0.286521] map[device:Device01 name:va:49:mdb_simu_var2 origin:1589354695801 value:1.750455]] device:Device01]"
level=WARN ts=2020-05-13T07:25:11.963486728Z app=edgex-device-mqtt source=incominglistener.go:109 msg="[Incoming listener] Incoming reading ignored. No name found : msg=map[Readings:[map[device:Device01 name:va:49:mdb_simu_var1 origin:1589354695801 value:3.710377] map[device:Device01 name:va:49:mdb_simu_var2 origin:1589354695801 value:8.109648]] device:Device01]"
level=WARN ts=2020-05-13T07:25:12.157756325Z app=edgex-device-mqtt source=incominglistener.go:109 msg="[Incoming listener] Incoming reading ignored. No name found : msg=map[Readings:[map[device:Device01 name:va:49:mdb_simu_var1 origin:1589354675802 value:9.602703] map[device:Device01 name:va:49:mdb_simu_var1 origin:1589354695801 value:8.225866] map[device:Device01 name:va:49:mdb_simu_var2 origin:1589354675802 value:6.165241] map[device:Device01 name:va:49:mdb_simu_var2 origin:1589354695801 value:5.000266]] device:Device01]"
level=WARN ts=2020-05-13T07:25:21.870254946Z app=edgex-device-mqtt source=incominglistener.go:109 msg="[Incoming listener] Incoming reading ignored. No name found : msg=map[Readings:[map[device:Device01 name:va:49:mdb_simu_var1 origin:1589354715801 value:1.439603] map[device:Device01 name:va:49:mdb_simu_var2 origin:1589354715801 value:3.853631]] device:Device01]"
level=WARN ts=2020-05-13T07:25:31.903033253Z app=edgex-device-mqtt source=incominglistener.go:109 msg="[Incoming listener] Incoming reading ignored. No name found : msg=map[Readings:[map[device:Device01 name:va:49:mdb_simu_var1 origin:1589354715801 value:8.644717] map[device:Device01 name:va:49:mdb_simu_var2 origin:1589354715801 value:7.719703]] device:Device01]"
level=WARN ts=2020-05-13T07:25:31.948677553Z app=edgex-device-mqtt source=incominglistener.go:109 msg="[Incoming listener] Incoming reading ignored. No name found : msg=map[Readings:[map[device:Device01 name:va:49:mdb_simu_var1 origin:1589354695801 value:9.87536] map[device:Device01 name:va:49:mdb_simu_var1 origin:1589354715801 value:0.406355] map[device:Device01 name:va:49:mdb_simu_var2 origin:1589354695801 value:7.752891] map[device:Device01 name:va:49:mdb_simu_var2 origin:1589354715801 value:1.123272]] device:Device01]"
level=WARN ts=2020-05-13T07:25:32.021330686Z app=edgex-device-mqtt source=incominglistener.go:109 msg="[Incoming listener] Incoming reading ignored. No name found : msg=map[Readings:[map[device:Device01 name:va:49:mdb_simu_var1 origin:1589354675802 value:2.296955] map[device:Device01 name:va:49:mdb_simu_var1 origin:1589354695801 value:1.633776] map[device:Device01 name:va:49:mdb_simu_var1 origin:1589354715801 value:9.280243] map[device:Device01 name:va:49:mdb_simu_var2 origin:1589354675802 value:5.533793] map[device:Device01 name:va:49:mdb_simu_var2 origin:1589354695801 value:9.52694] map[device:Device01 name:va:49:mdb_simu_var2 origin:1589354715801 value:1.709463]] device:Device01]"
level=WARN ts=2020-05-13T07:25:32.082533447Z app=edgex-device-mqtt source=incominglistener.go:109 msg="[Incoming listener] Incoming reading ignored. No name found : msg=map[Readings:[map[device:Device01 name:va:49:mdb_simu_var1 origin:1589354655801 value:5.130964] map[device:Device01 name:va:49:mdb_simu_var1 origin:1589354675802 value:6.101749] map[device:Device01 name:va:49:mdb_simu_var1 origin:1589354695801 value:9.038082] map[device:Device01 name:va:49:mdb_simu_var1 origin:1589354715801 value:5.263823] map[device:Device01 name:va:49:mdb_simu_var2 origin:1589354655801 value:4.309495] map[device:Device01 name:va:49:mdb_simu_var2 origin:1589354675802 value:3.17872] map[device:Device01 name:va:49:mdb_simu_var2 origin:1589354695801 value:7.830757] map[device:Device01 name:va:49:mdb_simu_var2 origin:1589354715801 value:1.149561]] device:Device01]"
level=WARN ts=2020-05-13T07:25:41.869030071Z app=edgex-device-mqtt source=incominglistener.go:109 msg="[Incoming listener] Incoming reading ignored. No name found : msg=map[Readings:[map[device:Device01 name:va:49:mdb_simu_var1 origin:1589354735801 value:0.452569] map[device:Device01 name:va:49:mdb_simu_var2 origin:1589354735801 value:8.117279]] device:Device01]"
level=WARN ts=2020-05-13T07:25:51.893046519Z app=edgex-device-mqtt source=incominglistener.go:109 msg="[Incoming listener] Incoming reading ignored. No name found : msg=map[Readings:[map[device:Device01 name:va:49:mdb_simu_var1 origin:1589354735801 value:2.900016] map[device:Device01 name:va:49:mdb_simu_var2 origin:1589354735801 value:4.162946]] device:Device01]"
level=WARN ts=2020-05-13T07:25:51.933919806Z app=edgex-device-mqtt source=incominglistener.go:109 msg="[Incoming listener] Incoming reading ignored. No name found : msg=map[Readings:[map[device:Device01 name:va:49:mdb_simu_var1 origin:1589354715801 value:6.226926] map[device:Device01 name:va:49:mdb_simu_var1 origin:1589354735801 value:2.502719] map[device:Device01 name:va:49:mdb_simu_var2 origin:1589354715801 value:2.388813] map[device:Device01 name:va:49:mdb_simu_var2 origin:1589354735801 value:2.392168]] device:Device01]"
level=WARN ts=2020-05-13T07:26:01.863837597Z app=edgex-device-mqtt source=incominglistener.go:109 msg="[Incoming listener] Incoming reading ignored. No name found : msg=map[Readings:[map[device:Device01 name:va:49:mdb_simu_var1 origin:1589354755800 value:7.502985] map[device:Device01 name:va:49:mdb_simu_var2 origin:1589354755800 value:3.828416]] device:Device01]"
level=WARN ts=2020-05-13T07:26:11.886314232Z app=edgex-device-mqtt source=incominglistener.go:109 msg="[Incoming listener] Incoming reading ignored. No name found : msg=map[Readings:[map[device:Device01 name:va:49:mdb_simu_var1 origin:1589354755800 value:6.245799] map[device:Device01 name:va:49:mdb_simu_var2 origin:1589354755800 value:6.147702]] device:Device01]"
level=WARN ts=2020-05-13T07:26:11.982829164Z app=edgex-device-mqtt source=incominglistener.go:109 msg="[Incoming listener] Incoming reading ignored. No name found : msg=map[Readings:[map[device:Device01 name:va:49:mdb_simu_var1 origin:1589354735801 value:1.548119] map[device:Device01 name:va:49:mdb_simu_var1 origin:1589354755800 value:6.121158] map[device:Device01 name:va:49:mdb_simu_var2 origin:1589354735801 value:6.554058] map[device:Device01 name:va:49:mdb_simu_var2 origin:1589354755800 value:9.301011]] device:Device01]"
level=WARN ts=2020-05-13T07:26:12.023483257Z app=edgex-device-mqtt source=incominglistener.go:109 msg="[Incoming listener] Incoming reading ignored. No name found : msg=map[Readings:[map[device:Device01 name:va:49:mdb_simu_var1 origin:1589354715801 value:7.24443] map[device:Device01 name:va:49:mdb_simu_var1 origin:1589354735801 value:8.851012] map[device:Device01 name:va:49:mdb_simu_var1 origin:1589354755800 value:0.934787] map[device:Device01 name:va:49:mdb_simu_var2 origin:1589354715801 value:6.524673] map[device:Device01 name:va:49:mdb_simu_var2 origin:1589354735801 value:4.384806] map[device:Device01 name:va:49:mdb_simu_var2 origin:1589354755800 value:0.461727]] device:Device01]"
level=WARN ts=2020-05-13T07:26:21.868516137Z app=edgex-device-mqtt source=incominglistener.go:109 msg="[Incoming listener] Incoming reading ignored. No name found : msg=map[Readings:[map[device:Device01 name:va:49:mdb_simu_var1 origin:1589354775801 value:8.234136] map[device:Device01 name:va:49:mdb_simu_var2 origin:1589354775801 value:9.51577]] device:Device01]"
level=WARN ts=2020-05-13T07:26:32.01011083Z app=edgex-device-mqtt source=incominglistener.go:109 msg="[Incoming listener] Incoming reading ignored. No name found : msg=map[Readings:[map[device:Device01 name:va:49:mdb_simu_var1 origin:1589354775801 value:6.563476] map[device:Device01 name:va:49:mdb_simu_var2 origin:1589354775801 value:7.272218]] device:Device01]"
level=WARN ts=2020-05-13T07:26:32.177243964Z app=edgex-device-mqtt source=incominglistener.go:109 msg="[Incoming listener] Incoming reading ignored. No name found : msg=map[Readings:[map[device:Device01 name:va:49:mdb_simu_var1 origin:1589354775801 value:4.779593] map[device:Device01 name:va:49:mdb_simu_var2 origin:1589354775801 value:0.872972]] device:Device01]"
level=WARN ts=2020-05-13T07:26:32.218049616Z app=edgex-device-mqtt source=incominglistener.go:109 msg="[Incoming listener] Incoming reading ignored. No name found : msg=map[Readings:[map[device:Device01 name:va:49:mdb_simu_var1 origin:1589354715801 value:0.450938] map[device:Device01 name:va:49:mdb_simu_var1 origin:1589354735801 value:2.61035] map[device:Device01 name:va:49:mdb_simu_var1 origin:1589354755800 value:2.022533] map[device:Device01 name:va:49:mdb_simu_var1 origin:1589354775801 value:0.903507] map[device:Device01 name:va:49:mdb_simu_var2 origin:1589354715801 value:0.727628] map[device:Device01 name:va:49:mdb_simu_var2 origin:1589354735801 value:4.922548] map[device:Device01 name:va:49:mdb_simu_var2 origin:1589354755800 value:5.066453] map[device:Device01 name:va:49:mdb_simu_var2 origin:1589354775801 value:6.954555]] device:Device01]"
level=ERROR ts=2020-05-13T07:27:49.991627033Z app=edgex-device-mqtt source=managedprofiles.go:144 msg="retrieving DeviceResource - Device Test.Device.MQTT.Profile not found"
level=WARN ts=2020-05-13T07:27:50.048980333Z app=edgex-device-mqtt source=incominglistener.go:79 msg="[Incoming listener] Incoming reading ignored. No DeviceObject found : topic=MathTopic msg={\"name\":\"Test.Device.MQTT.Profile\",\"cmd\":\"randfloat32\",\"randfloat32\":\"1.2\"}"
level=ERROR ts=2020-05-13T07:28:06.116369584Z app=edgex-device-mqtt source=managedprofiles.go:144 msg="retrieving DeviceResource - Device MQTT Test device not found"
level=WARN ts=2020-05-13T07:28:06.149769402Z app=edgex-device-mqtt source=incominglistener.go:79 msg="[Incoming listener] Incoming reading ignored. No DeviceObject found : topic=MathTopic msg={\"name\":\"MQTT Test device\",\"cmd\":\"randfloat32\",\"randfloat32\":\"1.2\"}"
level=ERROR ts=2020-05-13T07:29:00.244524483Z app=edgex-device-mqtt source=managedprofiles.go:144 msg="retrieving DeviceResource - Device MQTT-test-device not found"
level=WARN ts=2020-05-13T07:29:00.296676603Z app=edgex-device-mqtt source=incominglistener.go:79 msg="[Incoming listener] Incoming reading ignored. No DeviceObject found : topic=MathTopic msg={\"name\":\"MQTT-test-device\",\"cmd\":\"randfloat32\",\"randfloat32\":\"1.2\"}"
level=WARN ts=2020-05-13T07:30:09.025637635Z app=edgex-device-mqtt source=incominglistener.go:109 msg="[Incoming listener] Incoming reading ignored. No name found : msg=map[]"
level=ERROR ts=2020-05-13T07:30:30.788150251Z app=edgex-device-mqtt source=managedprofiles.go:144 msg="retrieving DeviceResource - Device MQTT-test-device not found"
level=WARN ts=2020-05-13T07:30:30.816923636Z app=edgex-device-mqtt source=incominglistener.go:79 msg="[Incoming listener] Incoming reading ignored. No DeviceObject found : topic=MathTopic msg={\"name\":\"MQTT-test-device\",\"cmd\":\"randfloat32\",\"randfloat32\":\"1.2\"}"
level=ERROR ts=2020-05-13T07:37:49.040365353Z app=edgex-device-mqtt source=managedprofiles.go:144 msg="retrieving DeviceResource - Device MQTT-test-device not found"
level=WARN ts=2020-05-13T07:37:49.074450379Z app=edgex-device-mqtt source=incominglistener.go:79 msg="[Incoming listener] Incoming reading ignored. No DeviceObject found : topic=MathTopic msg={\"name\":\"MQTT-test-device\",\"cmd\":\"randfloat32\",\"randfloat32\":\"1.2\"}"
level=WARN ts=2020-05-13T07:38:01.545135727Z app=edgex-device-mqtt source=driver.go:273 msg="Driver's Stop function didn't implement"
level=INFO ts=2020-05-13T07:38:19.83165995Z app=edgex-device-mqtt source=init.go:138 msg="Check Metadata service's status ..."
level=INFO ts=2020-05-13T07:38:19.831703479Z app=edgex-device-mqtt source=init.go:138 msg="Check Data service's status ..."
level=INFO ts=2020-05-13T07:38:19.909743847Z app=edgex-device-mqtt source=init.go:48 msg="Service clients initialize successful."
level=INFO ts=2020-05-13T07:38:19.985805096Z app=edgex-device-mqtt source=service.go:153 msg="Device Service edgex-device-mqtt exists"
level=INFO ts=2020-05-13T07:38:20.040609619Z app=edgex-device-mqtt source=service.go:96 msg="*Service Start() called, name=edgex-device-mqtt, version=1.1.1"
level=INFO ts=2020-05-13T07:38:20.091777186Z app=edgex-device-mqtt source=service.go:100 msg="Listening on port: 49982"
level=INFO ts=2020-05-13T07:38:20.142037776Z app=edgex-device-mqtt source=driver.go:279 msg="Create MQTT client and connection: uri=tcp://admin:public@0.0.0.0:1883 clientID=CommandResponseSubscriber "
level=INFO ts=2020-05-13T07:38:20.142136093Z app=edgex-device-mqtt source=driver.go:279 msg="Create MQTT client and connection: uri=tcp://admin:public@broker.hivemq.com:1883 clientID=IncomingDataSubscriber "
level=INFO ts=2020-05-13T07:38:20.142663683Z app=edgex-device-mqtt source=service.go:127 msg="Service started in: 311.512696ms"
level=INFO ts=2020-05-13T07:38:20.192366119Z app=edgex-device-mqtt source=responselistener.go:52 msg="[Response listener] Start command response listening. "
level=INFO ts=2020-05-13T07:38:20.417391404Z app=edgex-device-mqtt source=incominglistener.go:54 msg="[Incoming listener] Start incoming data listening. "
level=WARN ts=2020-05-13T07:38:20.418493693Z app=edgex-device-mqtt source=incominglistener.go:109 msg="[Incoming listener] Incoming reading ignored. No name found : msg=map[]"
level=ERROR ts=2020-05-13T07:38:22.611940262Z app=edgex-device-mqtt source=managedprofiles.go:144 msg="retrieving DeviceResource - Device MQTT-test-device not found"
level=INFO ts=2020-05-13T07:38:22.675831794Z app=edgex-device-mqtt source=incominglistener.go:100 msg="[Incoming listener] Incoming reading received: topic=MathTopic msg={\"name\":\"MQTT-test-device\",\"cmd\":\"randfloat32\",\"randfloat32\":\"1.2\"}"
level=ERROR ts=2020-05-13T07:38:22.725971071Z app=edgex-device-mqtt source=async.go:30 msg="processAsyncResults - recieved Device MQTT-test-device not found in cache"
level=WARN ts=2020-05-13T07:39:22.286063625Z app=edgex-device-mqtt source=driver.go:273 msg="Driver's Stop function didn't implement"
level=INFO ts=2020-05-13T07:39:34.487081501Z app=edgex-device-mqtt source=init.go:138 msg="Check Metadata service's status ..."
level=INFO ts=2020-05-13T07:39:34.487088873Z app=edgex-device-mqtt source=init.go:138 msg="Check Data service's status ..."
level=INFO ts=2020-05-13T07:39:34.58417166Z app=edgex-device-mqtt source=init.go:48 msg="Service clients initialize successful."
level=INFO ts=2020-05-13T07:39:34.649563784Z app=edgex-device-mqtt source=service.go:153 msg="Device Service edgex-device-mqtt exists"
level=INFO ts=2020-05-13T07:39:34.709152777Z app=edgex-device-mqtt source=service.go:96 msg="*Service Start() called, name=edgex-device-mqtt, version=1.1.1"
level=INFO ts=2020-05-13T07:39:34.75768284Z app=edgex-device-mqtt source=service.go:100 msg="Listening on port: 49982"
level=INFO ts=2020-05-13T07:39:34.807911878Z app=edgex-device-mqtt source=driver.go:279 msg="Create MQTT client and connection: uri=tcp://admin:public@broker.hivemq.com:1883 clientID=IncomingDataSubscriber "
level=INFO ts=2020-05-13T07:39:34.807942832Z app=edgex-device-mqtt source=driver.go:279 msg="Create MQTT client and connection: uri=tcp://admin:public@0.0.0.0:1883 clientID=CommandResponseSubscriber "
level=INFO ts=2020-05-13T07:39:34.808795935Z app=edgex-device-mqtt source=service.go:127 msg="Service started in: 324.085877ms"
level=INFO ts=2020-05-13T07:39:34.91037854Z app=edgex-device-mqtt source=responselistener.go:52 msg="[Response listener] Start command response listening. "
level=INFO ts=2020-05-13T07:39:35.035528815Z app=edgex-device-mqtt source=incominglistener.go:54 msg="[Incoming listener] Start incoming data listening. "
level=WARN ts=2020-05-13T07:39:35.037930384Z app=edgex-device-mqtt source=incominglistener.go:109 msg="[Incoming listener] Incoming reading ignored. No name found : msg=map[]"
level=ERROR ts=2020-05-13T07:39:38.281708122Z app=edgex-device-mqtt source=managedprofiles.go:144 msg="retrieving DeviceResource - Device MQTT-test-device not found"
level=WARN ts=2020-05-13T07:39:38.326327407Z app=edgex-device-mqtt source=incominglistener.go:79 msg="[Incoming listener] Incoming reading ignored. No DeviceObject found : topic=MathTopic msg={\"name\":\"MQTT-test-device\",\"cmd\":\"randfloat32\",\"randfloat32\":\"1.2\"}"
level=ERROR ts=2020-05-13T07:52:20.937923104Z app=edgex-device-mqtt source=managedprofiles.go:144 msg="retrieving DeviceResource - Device MQ_DEVICE not found"
level=WARN ts=2020-05-13T07:52:20.973652Z app=edgex-device-mqtt source=incominglistener.go:79 msg="[Incoming listener] Incoming reading ignored. No DeviceObject found : topic=MathTopic msg={\"name\":\"MQ_DEVICE\",\"cmd\":\"randfloat32\",\"randfloat32\":\"1.2\"}"
level=ERROR ts=2020-05-13T07:54:00.484080461Z app=edgex-device-mqtt source=managedprofiles.go:144 msg="retrieving DeviceResource - Device MQTT test device not found"
level=WARN ts=2020-05-13T07:54:00.511581432Z app=edgex-device-mqtt source=incominglistener.go:79 msg="[Incoming listener] Incoming reading ignored. No DeviceObject found : topic=MathTopic msg={\"name\":\"MQTT test device\",\"method\":\"get\",\"cmd\":\"randfloat32\",\"randfloat32\":\"1.2\"}"
level=ERROR ts=2020-05-13T07:54:11.385293292Z app=edgex-device-mqtt source=managedprofiles.go:144 msg="retrieving DeviceResource - Device MQTT test device not found"
level=WARN ts=2020-05-13T07:54:11.421472292Z app=edgex-device-mqtt source=incominglistener.go:79 msg="[Incoming listener] Incoming reading ignored. No DeviceObject found : topic=MathTopic msg={\"name\":\"MQTT test device\",\"cmd\":\"randfloat32\",\"randfloat32\":\"1.2\"}"
level=WARN ts=2020-05-13T07:58:16.617628125Z app=edgex-device-mqtt source=driver.go:273 msg="Driver's Stop function didn't implement"
level=INFO ts=2020-05-13T07:58:33.359369351Z app=edgex-device-mqtt source=init.go:138 msg="Check Metadata service's status ..."
level=INFO ts=2020-05-13T07:58:33.35961279Z app=edgex-device-mqtt source=init.go:138 msg="Check Data service's status ..."
level=INFO ts=2020-05-13T07:58:33.432479417Z app=edgex-device-mqtt source=init.go:48 msg="Service clients initialize successful."
level=INFO ts=2020-05-13T07:58:33.494202482Z app=edgex-device-mqtt source=service.go:153 msg="Device Service edgex-device-mqtt exists"
level=INFO ts=2020-05-13T07:58:33.55714335Z app=edgex-device-mqtt source=service.go:96 msg="*Service Start() called, name=edgex-device-mqtt, version=1.1.1"
level=INFO ts=2020-05-13T07:58:33.58981353Z app=edgex-device-mqtt source=service.go:100 msg="Listening on port: 49982"
level=INFO ts=2020-05-13T07:58:33.623317025Z app=edgex-device-mqtt source=driver.go:279 msg="Create MQTT client and connection: uri=tcp://math:math@broker.hivemq.com:1883 clientID=IncomingDataSubscriber "
level=INFO ts=2020-05-13T07:58:33.623320119Z app=edgex-device-mqtt source=driver.go:279 msg="Create MQTT client and connection: uri=tcp://admin:public@0.0.0.0:1883 clientID=CommandResponseSubscriber "
level=INFO ts=2020-05-13T07:58:33.629128771Z app=edgex-device-mqtt source=service.go:127 msg="Service started in: 271.629615ms"
level=INFO ts=2020-05-13T07:58:33.691038894Z app=edgex-device-mqtt source=responselistener.go:52 msg="[Response listener] Start command response listening. "
level=INFO ts=2020-05-13T07:58:33.904473363Z app=edgex-device-mqtt source=incominglistener.go:54 msg="[Incoming listener] Start incoming data listening. "
level=WARN ts=2020-05-13T07:58:33.904937891Z app=edgex-device-mqtt source=incominglistener.go:109 msg="[Incoming listener] Incoming reading ignored. No name found : msg=map[]"
level=ERROR ts=2020-05-13T07:58:37.550674264Z app=edgex-device-mqtt source=managedprofiles.go:144 msg="retrieving DeviceResource - Device MQTT test device not found"
level=WARN ts=2020-05-13T07:58:37.599386003Z app=edgex-device-mqtt source=incominglistener.go:79 msg="[Incoming listener] Incoming reading ignored. No DeviceObject found : topic=MathTopic msg={\"name\":\"MQTT test device\",\"cmd\":\"randfloat32\",\"randfloat32\":\"1.2\"}"
level=ERROR ts=2020-05-13T07:58:48.685447143Z app=edgex-device-mqtt source=managedprofiles.go:144 msg="retrieving DeviceResource - Device MQTT-test-device not found"
level=WARN ts=2020-05-13T07:58:48.717350783Z app=edgex-device-mqtt source=incominglistener.go:79 msg="[Incoming listener] Incoming reading ignored. No DeviceObject found : topic=MathTopic msg={\"name\":\"MQTT-test-device\",\"cmd\":\"randfloat32\",\"randfloat32\":\"1.2\"}"
level=ERROR ts=2020-05-13T07:59:49.361492365Z app=edgex-device-mqtt source=managedprofiles.go:144 msg="retrieving DeviceResource - Device MQTT-test-device not found"
level=WARN ts=2020-05-13T07:59:49.395066638Z app=edgex-device-mqtt source=incominglistener.go:79 msg="[Incoming listener] Incoming reading ignored. No DeviceObject found : topic=MathTopic msg={\"name\":\"MQTT-test-device\",\"cmd\":\"randfloat32\",\"randfloat32\":\"1.2\"}"
level=WARN ts=2020-05-13T08:00:39.679831933Z app=edgex-device-mqtt source=driver.go:273 msg="Driver's Stop function didn't implement"
level=INFO ts=2020-05-13T08:01:00.007608273Z app=edgex-device-mqtt source=init.go:138 msg="Check Metadata service's status ..."
level=INFO ts=2020-05-13T08:01:00.007645725Z app=edgex-device-mqtt source=init.go:138 msg="Check Data service's status ..."
level=INFO ts=2020-05-13T08:01:00.094609822Z app=edgex-device-mqtt source=init.go:48 msg="Service clients initialize successful."
level=INFO ts=2020-05-13T08:01:00.15429303Z app=edgex-device-mqtt source=service.go:153 msg="Device Service edgex-device-mqtt exists"
level=INFO ts=2020-05-13T08:01:00.202924385Z app=edgex-device-mqtt source=service.go:96 msg="*Service Start() called, name=edgex-device-mqtt, version=1.1.1"
level=INFO ts=2020-05-13T08:01:00.234747067Z app=edgex-device-mqtt source=service.go:100 msg="Listening on port: 49982"
level=INFO ts=2020-05-13T08:01:00.268173193Z app=edgex-device-mqtt source=driver.go:279 msg="Create MQTT client and connection: uri=tcp://admin:public@0.0.0.0:1883 clientID=CommandResponseSubscriber "
level=INFO ts=2020-05-13T08:01:00.268201392Z app=edgex-device-mqtt source=driver.go:279 msg="Create MQTT client and connection: uri=tcp://math:math@broker.hivemq.com:1883 clientID=IncomingDataSubscriber "
level=INFO ts=2020-05-13T08:01:00.269292547Z app=edgex-device-mqtt source=service.go:127 msg="Service started in: 262.112131ms"
level=INFO ts=2020-05-13T08:01:00.303022722Z app=edgex-device-mqtt source=responselistener.go:52 msg="[Response listener] Start command response listening. "
level=INFO ts=2020-05-13T08:01:00.507540493Z app=edgex-device-mqtt source=incominglistener.go:54 msg="[Incoming listener] Start incoming data listening. "
level=WARN ts=2020-05-13T08:01:00.507796824Z app=edgex-device-mqtt source=incominglistener.go:109 msg="[Incoming listener] Incoming reading ignored. No name found : msg=map[]"
level=ERROR ts=2020-05-13T08:01:03.202830669Z app=edgex-device-mqtt source=managedprofiles.go:144 msg="retrieving DeviceResource - Device MQTT-test-device not found"
level=WARN ts=2020-05-13T08:01:03.235666323Z app=edgex-device-mqtt source=incominglistener.go:79 msg="[Incoming listener] Incoming reading ignored. No DeviceObject found : topic=MathTopic msg={\"name\":\"MQTT-test-device\",\"cmd\":\"randfloat32\",\"randfloat32\":\"1.2\"}"
level=WARN ts=2020-05-13T08:08:10.321504023Z app=edgex-device-mqtt source=driver.go:273 msg="Driver's Stop function didn't implement"
level=INFO ts=2020-05-13T08:08:21.716483904Z app=edgex-device-mqtt source=init.go:138 msg="Check Metadata service's status ..."
level=INFO ts=2020-05-13T08:08:21.716520652Z app=edgex-device-mqtt source=init.go:138 msg="Check Data service's status ..."
level=INFO ts=2020-05-13T08:08:21.786718063Z app=edgex-device-mqtt source=init.go:48 msg="Service clients initialize successful."
level=INFO ts=2020-05-13T08:08:21.853756831Z app=edgex-device-mqtt source=service.go:153 msg="Device Service edgex-device-mqtt exists"
level=INFO ts=2020-05-13T08:08:21.897772382Z app=edgex-device-mqtt source=service.go:96 msg="*Service Start() called, name=edgex-device-mqtt, version=1.1.1"
level=INFO ts=2020-05-13T08:08:21.927814746Z app=edgex-device-mqtt source=service.go:100 msg="Listening on port: 49982"
level=INFO ts=2020-05-13T08:08:21.961346611Z app=edgex-device-mqtt source=driver.go:279 msg="Create MQTT client and connection: uri=tcp://math:math@broker.hivemq.com:1883 clientID=IncomingDataSubscriber "
level=INFO ts=2020-05-13T08:08:21.961397145Z app=edgex-device-mqtt source=driver.go:279 msg="Create MQTT client and connection: uri=tcp://admin:public@0.0.0.0:1883 clientID=CommandResponseSubscriber "
level=INFO ts=2020-05-13T08:08:21.963238073Z app=edgex-device-mqtt source=service.go:127 msg="Service started in: 247.160315ms"
level=INFO ts=2020-05-13T08:08:22.029060103Z app=edgex-device-mqtt source=responselistener.go:52 msg="[Response listener] Start command response listening. "
level=INFO ts=2020-05-13T08:08:22.186393232Z app=edgex-device-mqtt source=incominglistener.go:54 msg="[Incoming listener] Start incoming data listening. "
level=WARN ts=2020-05-13T08:08:22.186738124Z app=edgex-device-mqtt source=incominglistener.go:109 msg="[Incoming listener] Incoming reading ignored. No name found : msg=map[]"
level=ERROR ts=2020-05-13T08:08:24.234620561Z app=edgex-device-mqtt source=managedprofiles.go:144 msg="retrieving DeviceResource - Device MQTT-test-device not found"
level=WARN ts=2020-05-13T08:08:24.270083955Z app=edgex-device-mqtt source=incominglistener.go:79 msg="[Incoming listener] Incoming reading ignored. No DeviceObject found : topic=MathTopic msg={\"name\":\"MQTT-test-device\",\"cmd\":\"randfloat32\",\"randfloat32\":\"1.2\"}"
level=INFO ts=2020-05-13T08:12:07.721690353Z app=edgex-device-mqtt source=init.go:138 msg="Check Metadata service's status ..."
level=INFO ts=2020-05-13T08:12:07.721696317Z app=edgex-device-mqtt source=init.go:138 msg="Check Data service's status ..."
level=INFO ts=2020-05-13T08:12:07.815520654Z app=edgex-device-mqtt source=init.go:48 msg="Service clients initialize successful."
level=INFO ts=2020-05-13T08:12:07.886072082Z app=edgex-device-mqtt source=service.go:153 msg="Device Service edgex-device-mqtt exists"
level=INFO ts=2020-05-13T08:12:07.95335481Z app=edgex-device-mqtt source=service.go:96 msg="*Service Start() called, name=edgex-device-mqtt, version=1.1.1"
level=INFO ts=2020-05-13T08:12:07.989239204Z app=edgex-device-mqtt source=service.go:100 msg="Listening on port: 49982"
level=WARN ts=2020-05-13T08:14:06.872360596Z app=edgex-device-mqtt source=driver.go:273 msg="Driver's Stop function didn't implement"
level=INFO ts=2020-05-13T08:23:06.901239441Z app=edgex-device-mqtt source=init.go:138 msg="Check Metadata service's status ..."
level=INFO ts=2020-05-13T08:23:06.901332078Z app=edgex-device-mqtt source=init.go:138 msg="Check Data service's status ..."
level=INFO ts=2020-05-13T08:23:06.979582921Z app=edgex-device-mqtt source=init.go:48 msg="Service clients initialize successful."
level=INFO ts=2020-05-13T08:23:07.050797331Z app=edgex-device-mqtt source=service.go:146 msg="Device Service  doesn't exist, creating a new one"
level=INFO ts=2020-05-13T08:23:07.134429197Z app=edgex-device-mqtt source=service.go:202 msg="Addressable edgex-device-mqtt doesn't exist, creating a new one"
level=INFO ts=2020-05-13T08:23:07.217490533Z app=edgex-device-mqtt source=service.go:96 msg="*Service Start() called, name=edgex-device-mqtt, version=1.1.1"
level=INFO ts=2020-05-13T08:23:07.293808556Z app=edgex-device-mqtt source=service.go:100 msg="Listening on port: 49982"
level=INFO ts=2020-05-13T08:23:07.346508961Z app=edgex-device-mqtt source=driver.go:279 msg="Create MQTT client and connection: uri=tcp://admin:public@0.0.0.0:1883 clientID=CommandResponseSubscriber "
level=INFO ts=2020-05-13T08:23:07.346818077Z app=edgex-device-mqtt source=driver.go:279 msg="Create MQTT client and connection: uri=tcp://math:math@broker.hivemq.com:1883 clientID=IncomingDataSubscriber "
level=INFO ts=2020-05-13T08:23:07.349968009Z app=edgex-device-mqtt source=service.go:127 msg="Service started in: 449.395856ms"
level=INFO ts=2020-05-13T08:23:07.388590928Z app=edgex-device-mqtt source=responselistener.go:52 msg="[Response listener] Start command response listening. "
level=INFO ts=2020-05-13T08:23:07.633286801Z app=edgex-device-mqtt source=incominglistener.go:54 msg="[Incoming listener] Start incoming data listening. "
level=WARN ts=2020-05-13T08:23:07.633913917Z app=edgex-device-mqtt source=incominglistener.go:109 msg="[Incoming listener] Incoming reading ignored. No name found : msg=map[]"
level=ERROR ts=2020-05-13T08:23:50.289552671Z app=edgex-device-mqtt source=managedprofiles.go:144 msg="retrieving DeviceResource - Device MQTT-test-device not found"
level=WARN ts=2020-05-13T08:23:50.327309788Z app=edgex-device-mqtt source=incominglistener.go:79 msg="[Incoming listener] Incoming reading ignored. No DeviceObject found : topic=MathTopic msg={\"name\":\"MQTT-test-device\",\"cmd\":\"randfloat32\",\"randfloat32\":\"1.2\"}"
level=ERROR ts=2020-05-13T08:24:10.505736466Z app=edgex-device-mqtt source=managedprofiles.go:144 msg="retrieving DeviceResource - Device MQTT-test-device not found"
level=WARN ts=2020-05-13T08:24:10.548679986Z app=edgex-device-mqtt source=incominglistener.go:79 msg="[Incoming listener] Incoming reading ignored. No DeviceObject found : topic=MathTopic msg={\"name\":\"MQTT-test-device\",\"cmd\":\"randfloat32\",\"randfloat32\":\"1.2\"}"
level=ERROR ts=2020-05-13T08:24:17.489547928Z app=edgex-device-mqtt source=managedprofiles.go:144 msg="retrieving DeviceResource - Device MQTT-test-device not found"
level=WARN ts=2020-05-13T08:24:17.540766541Z app=edgex-device-mqtt source=incominglistener.go:79 msg="[Incoming listener] Incoming reading ignored. No DeviceObject found : topic=MathTopic msg={\"name\":\"MQTT-test-device\",\"cmd\":\"randfloat32\",\"randfloat32\":\"1.2\"}"
level=WARN ts=2020-05-13T08:25:16.983180601Z app=edgex-device-mqtt source=driver.go:273 msg="Driver's Stop function didn't implement"
level=INFO ts=2020-05-13T08:50:19.454701581Z app=edgex-device-mqtt source=init.go:138 msg="Check Metadata service's status ..."
level=INFO ts=2020-05-13T08:50:19.45633039Z app=edgex-device-mqtt source=init.go:138 msg="Check Data service's status ..."
level=ERROR ts=2020-05-13T08:50:19.504738532Z app=edgex-device-mqtt source=init.go:149 msg="Error getting ping: Get \"http://localhost:48081/api/v1/ping\": dial tcp [::1]:48081: connect: connection refused "
level=ERROR ts=2020-05-13T08:50:19.544497098Z app=edgex-device-mqtt source=init.go:149 msg="Error getting ping: Get \"http://localhost:48080/api/v1/ping\": dial tcp [::1]:48080: connect: connection refused "
level=INFO ts=2020-05-13T08:52:55.651818235Z app=edgex-device-mqtt source=init.go:138 msg="Check Metadata service's status ..."
level=INFO ts=2020-05-13T08:52:55.65195275Z app=edgex-device-mqtt source=init.go:138 msg="Check Data service's status ..."
level=ERROR ts=2020-05-13T08:52:55.747862059Z app=edgex-device-mqtt source=init.go:149 msg="Error getting ping: Get \"http://localhost:48080/api/v1/ping\": dial tcp [::1]:48080: connect: connection refused "
level=INFO ts=2020-05-13T08:53:00.833135924Z app=edgex-device-mqtt source=init.go:138 msg="Check Data service's status ..."
level=ERROR ts=2020-05-13T08:53:00.875012654Z app=edgex-device-mqtt source=init.go:149 msg="Error getting ping: Get \"http://localhost:48080/api/v1/ping\": dial tcp [::1]:48080: connect: connection refused "
level=INFO ts=2020-05-13T08:53:05.957928903Z app=edgex-device-mqtt source=init.go:138 msg="Check Data service's status ..."
level=ERROR ts=2020-05-13T08:53:06.449119823Z app=edgex-device-mqtt source=init.go:149 msg="Error getting ping: Get \"http://localhost:48080/api/v1/ping\": dial tcp [::1]:48080: connect: connection refused "
level=ERROR ts=2020-05-13T08:53:11.845183677Z app=edgex-device-mqtt source=init.go:133 msg="service dependency Data checking time out"
level=INFO ts=2020-05-13T08:53:38.197028441Z app=edgex-device-mqtt source=init.go:138 msg="Check Metadata service's status ..."
level=INFO ts=2020-05-13T08:53:38.19707471Z app=edgex-device-mqtt source=init.go:138 msg="Check Data service's status ..."
level=INFO ts=2020-05-13T08:53:38.28541717Z app=edgex-device-mqtt source=init.go:48 msg="Service clients initialize successful."
level=INFO ts=2020-05-13T08:53:38.363337409Z app=edgex-device-mqtt source=service.go:146 msg="Device Service  doesn't exist, creating a new one"
level=INFO ts=2020-05-13T08:53:38.43445536Z app=edgex-device-mqtt source=service.go:202 msg="Addressable edgex-device-mqtt doesn't exist, creating a new one"
level=INFO ts=2020-05-13T08:53:38.509899534Z app=edgex-device-mqtt source=service.go:96 msg="*Service Start() called, name=edgex-device-mqtt, version=1.1.1"
level=INFO ts=2020-05-13T08:53:38.563300477Z app=edgex-device-mqtt source=service.go:100 msg="Listening on port: 49982"
level=INFO ts=2020-05-13T08:53:38.610142743Z app=edgex-device-mqtt source=driver.go:279 msg="Create MQTT client and connection: uri=tcp://admin:public@0.0.0.0:1883 clientID=CommandResponseSubscriber "
level=INFO ts=2020-05-13T08:53:38.610245511Z app=edgex-device-mqtt source=driver.go:279 msg="Create MQTT client and connection: uri=tcp://math:math@broker.hivemq.com:1883 clientID=IncomingDataSubscriber "
level=INFO ts=2020-05-13T08:53:38.614307844Z app=edgex-device-mqtt source=service.go:127 msg="Service started in: 417.74878ms"
level=INFO ts=2020-05-13T08:53:38.652472987Z app=edgex-device-mqtt source=responselistener.go:52 msg="[Response listener] Start command response listening. "
level=INFO ts=2020-05-13T08:53:38.99914322Z app=edgex-device-mqtt source=incominglistener.go:54 msg="[Incoming listener] Start incoming data listening. "
level=WARN ts=2020-05-13T08:53:38.999157858Z app=edgex-device-mqtt source=incominglistener.go:109 msg="[Incoming listener] Incoming reading ignored. No name found : msg=map[]"
level=ERROR ts=2020-05-13T08:53:45.933409713Z app=edgex-device-mqtt source=managedprofiles.go:144 msg="retrieving DeviceResource - Device MQTT-test-device not found"
level=WARN ts=2020-05-13T08:53:45.970881067Z app=edgex-device-mqtt source=incominglistener.go:79 msg="[Incoming listener] Incoming reading ignored. No DeviceObject found : topic=MathTopic msg={\"name\":\"MQTT-test-device\",\"cmd\":\"randfloat32\",\"randfloat32\":\"1.2\"}"
level=WARN ts=2020-05-13T09:08:16.759162826Z app=edgex-device-mqtt source=incominglistener.go:109 msg="[Incoming listener] Incoming reading ignored. No name found : msg=map[Readings:[map[device:Device01 name:va:49:mdb_simu_var1 origin:1589354775801 value:4.779593] map[device:Device01 name:va:49:mdb_simu_var2 origin:1589354775801 value:0.872972]] device:Device01]"
level=WARN ts=2020-05-13T09:08:28.536799887Z app=edgex-device-mqtt source=incominglistener.go:109 msg="[Incoming listener] Incoming reading ignored. No cmd found : msg=map[Readings:[map[device:Device01 name:va:49:mdb_simu_var1 origin:1589354775801 value:4.779593] map[device:Device01 name:va:49:mdb_simu_var2 origin:1589354775801 value:0.872972]] name:Device01]"
level=WARN ts=2020-05-13T09:09:40.511889836Z app=edgex-device-mqtt source=incominglistener.go:109 msg="[Incoming listener] Incoming reading ignored. No name found : msg=map[]"
level=WARN ts=2020-05-13T09:10:02.570986024Z app=edgex-device-mqtt source=incominglistener.go:109 msg="[Incoming listener] Incoming reading ignored. No name found : msg=map[]"
level=WARN ts=2020-05-13T09:10:33.843342015Z app=edgex-device-mqtt source=incominglistener.go:71 msg="[Incoming listener] Incoming reading ignored. No reading data found : topic=MathTopic msg={\"name\":\"Device01\",\"cmd\":\"mdb_simu_var1\",\"va:49:mdb_simu_var1\":\"4.779593\"}\n\n"
level=ERROR ts=2020-05-13T09:11:24.882229742Z app=edgex-device-mqtt source=managedprofiles.go:144 msg="retrieving DeviceResource - Device Device01 not found"
level=WARN ts=2020-05-13T09:11:24.933315067Z app=edgex-device-mqtt source=incominglistener.go:79 msg="[Incoming listener] Incoming reading ignored. No DeviceObject found : topic=MathTopic msg={\"name\":\"Device01\",\"cmd\":\"mdb_simu_var1\",\"mdb_simu_var1\":\"4.779593\"}\n\n"
level=ERROR ts=2020-05-13T09:12:24.591028344Z app=edgex-device-mqtt source=managedprofiles.go:144 msg="retrieving DeviceResource - Device MQTT-test-device not found"
level=WARN ts=2020-05-13T09:12:24.626295229Z app=edgex-device-mqtt source=incominglistener.go:79 msg="[Incoming listener] Incoming reading ignored. No DeviceObject found : topic=MathTopic msg={\"name\":\"MQTT-test-device\",\"cmd\":\"mdb_simu_var1\",\"mdb_simu_var1\":\"4.779593\"}\n\n"
level=ERROR ts=2020-05-13T09:13:17.081244278Z app=edgex-device-mqtt source=managedprofiles.go:144 msg="retrieving DeviceResource - Device MQTT-test-device not found"
level=WARN ts=2020-05-13T09:13:17.123918563Z app=edgex-device-mqtt source=incominglistener.go:79 msg="[Incoming listener] Incoming reading ignored. No DeviceObject found : topic=MathTopic msg={\"name\":\"MQTT-test-device\",\"cmd\":\"mdb_simu_var1\",\"mdb_simu_var1\":\"4.779593\",\"cmd\":\"var2\",\"var2\":\"2.0\"}\n\n"
level=WARN ts=2020-05-13T09:21:54.268036847Z app=edgex-device-mqtt source=driver.go:273 msg="Driver's Stop function didn't implement"
level=INFO ts=2020-05-14T13:22:24.320611706Z app=edgex-device-mqtt source=init.go:138 msg="Check Metadata service's status ..."
level=INFO ts=2020-05-14T13:22:24.320661674Z app=edgex-device-mqtt source=init.go:138 msg="Check Data service's status ..."
level=INFO ts=2020-05-14T13:22:24.417666407Z app=edgex-device-mqtt source=init.go:48 msg="Service clients initialize successful."
level=INFO ts=2020-05-14T13:22:24.482752744Z app=edgex-device-mqtt source=service.go:146 msg="Device Service  doesn't exist, creating a new one"
level=INFO ts=2020-05-14T13:22:24.521948178Z app=edgex-device-mqtt source=service.go:202 msg="Addressable edgex-device-mqtt doesn't exist, creating a new one"
level=INFO ts=2020-05-14T13:22:24.558742841Z app=edgex-device-mqtt source=service.go:96 msg="*Service Start() called, name=edgex-device-mqtt, version=1.1.1"
level=INFO ts=2020-05-14T13:22:24.595906672Z app=edgex-device-mqtt source=service.go:100 msg="Listening on port: 49982"
level=INFO ts=2020-05-14T13:22:24.646616228Z app=edgex-device-mqtt source=driver.go:279 msg="Create MQTT client and connection: uri=tcp://math:math@broker.hivemq.com:1883 clientID=IncomingDataSubscriber "
level=INFO ts=2020-05-14T13:22:24.646695541Z app=edgex-device-mqtt source=driver.go:279 msg="Create MQTT client and connection: uri=tcp://admin:public@0.0.0.0:1883 clientID=CommandResponseSubscriber "
level=INFO ts=2020-05-14T13:22:24.658041721Z app=edgex-device-mqtt source=service.go:127 msg="Service started in: 340.216247ms"
level=INFO ts=2020-05-14T13:22:24.788517773Z app=edgex-device-mqtt source=responselistener.go:52 msg="[Response listener] Start command response listening. "
level=INFO ts=2020-05-14T13:22:24.862387682Z app=edgex-device-mqtt source=incominglistener.go:54 msg="[Incoming listener] Start incoming data listening. "
level=WARN ts=2020-05-14T13:22:24.86288286Z app=edgex-device-mqtt source=incominglistener.go:109 msg="[Incoming listener] Incoming reading ignored. No name found : msg=map[]"
level=WARN ts=2020-05-14T13:29:10.416207911Z app=edgex-device-mqtt source=driver.go:273 msg="Driver's Stop function didn't implement"
level=INFO ts=2020-05-14T13:29:36.403464693Z app=edgex-device-mqtt source=init.go:138 msg="Check Metadata service's status ..."
level=INFO ts=2020-05-14T13:29:36.404652793Z app=edgex-device-mqtt source=init.go:138 msg="Check Data service's status ..."
level=INFO ts=2020-05-14T13:29:36.473183943Z app=edgex-device-mqtt source=init.go:48 msg="Service clients initialize successful."
level=INFO ts=2020-05-14T13:29:36.516894835Z app=edgex-device-mqtt source=service.go:153 msg="Device Service edgex-device-mqtt exists"
level=INFO ts=2020-05-14T13:29:36.551244002Z app=edgex-device-mqtt source=service.go:96 msg="*Service Start() called, name=edgex-device-mqtt, version=1.1.1"
level=INFO ts=2020-05-14T13:29:36.583250412Z app=edgex-device-mqtt source=service.go:100 msg="Listening on port: 49982"
level=INFO ts=2020-05-14T13:29:36.615025177Z app=edgex-device-mqtt source=driver.go:279 msg="Create MQTT client and connection: uri=tcp://admin:public@0.0.0.0:1883 clientID=CommandResponseSubscriber "
level=INFO ts=2020-05-14T13:29:36.615375584Z app=edgex-device-mqtt source=driver.go:279 msg="Create MQTT client and connection: uri=tcp://math:math@broker.hivemq.com:1883 clientID=IncomingDataSubscriber "
level=INFO ts=2020-05-14T13:29:36.623325846Z app=edgex-device-mqtt source=service.go:127 msg="Service started in: 221.132336ms"
level=INFO ts=2020-05-14T13:29:36.648423552Z app=edgex-device-mqtt source=responselistener.go:52 msg="[Response listener] Start command response listening. "
level=INFO ts=2020-05-14T13:29:36.85259349Z app=edgex-device-mqtt source=incominglistener.go:54 msg="[Incoming listener] Start incoming data listening. "
level=WARN ts=2020-05-14T13:29:36.853823521Z app=edgex-device-mqtt source=incominglistener.go:109 msg="[Incoming listener] Incoming reading ignored. No name found : msg=map[]"
level=WARN ts=2020-05-14T13:52:59.674707431Z app=edgex-device-mqtt source=driver.go:273 msg="Driver's Stop function didn't implement"
level=INFO ts=2020-05-15T13:27:38.074891406Z app=edgex-device-mqtt source=init.go:138 msg="Check Data service's status ..."
level=INFO ts=2020-05-15T13:27:38.075015817Z app=edgex-device-mqtt source=init.go:138 msg="Check Metadata service's status ..."
level=INFO ts=2020-05-15T13:27:38.160270264Z app=edgex-device-mqtt source=init.go:48 msg="Service clients initialize successful."
level=INFO ts=2020-05-15T13:27:38.202584295Z app=edgex-device-mqtt source=service.go:146 msg="Device Service  doesn't exist, creating a new one"
level=INFO ts=2020-05-15T13:27:38.244034643Z app=edgex-device-mqtt source=service.go:202 msg="Addressable edgex-device-mqtt doesn't exist, creating a new one"
level=INFO ts=2020-05-15T13:27:38.281326725Z app=edgex-device-mqtt source=service.go:96 msg="*Service Start() called, name=edgex-device-mqtt, version=1.1.1"
level=INFO ts=2020-05-15T13:27:38.313371178Z app=edgex-device-mqtt source=service.go:100 msg="Listening on port: 49982"
level=INFO ts=2020-05-15T13:27:38.372395601Z app=edgex-device-mqtt source=driver.go:279 msg="Create MQTT client and connection: uri=tcp://admin:public@0.0.0.0:1883 clientID=CommandResponseSubscriber "
level=INFO ts=2020-05-15T13:27:38.372432174Z app=edgex-device-mqtt source=driver.go:279 msg="Create MQTT client and connection: uri=tcp://math:math@broker.hivemq.com:1883 clientID=IncomingDataSubscriber "
level=INFO ts=2020-05-15T13:27:38.423935514Z app=edgex-device-mqtt source=service.go:127 msg="Service started in: 368.242749ms"
level=INFO ts=2020-05-15T13:27:38.51298896Z app=edgex-device-mqtt source=responselistener.go:52 msg="[Response listener] Start command response listening. "
level=INFO ts=2020-05-15T13:27:38.660086252Z app=edgex-device-mqtt source=incominglistener.go:54 msg="[Incoming listener] Start incoming data listening. "
level=WARN ts=2020-05-15T13:27:38.660359054Z app=edgex-device-mqtt source=incominglistener.go:109 msg="[Incoming listener] Incoming reading ignored. No name found : msg=map[]"
level=ERROR ts=2020-05-15T13:28:09.136439722Z app=edgex-device-mqtt source=managedprofiles.go:144 msg="retrieving DeviceResource - Device MQTT-test-device not found"
level=WARN ts=2020-05-15T13:28:09.177492224Z app=edgex-device-mqtt source=incominglistener.go:79 msg="[Incoming listener] Incoming reading ignored. No DeviceObject found : topic=MathTopic msg={\"name\":\"MQTT-test-device\",\"cmd\":\"randfloat32\",\"randfloat32\":\"1.2\"}"
level=WARN ts=2020-05-15T13:28:54.642407263Z app=edgex-device-mqtt source=driver.go:273 msg="Driver's Stop function didn't implement"
level=INFO ts=2020-05-25T12:12:39.162000929Z app=edgex-device-mqtt source=init.go:138 msg="Check Metadata service's status ..."
level=INFO ts=2020-05-25T12:12:39.161983246Z app=edgex-device-mqtt source=init.go:138 msg="Check Data service's status ..."
level=ERROR ts=2020-05-25T12:12:39.251215119Z app=edgex-device-mqtt source=init.go:149 msg="Error getting ping: Get \"http://localhost:48081/api/v1/ping\": dial tcp [::1]:48081: connect: connection refused "
level=ERROR ts=2020-05-25T12:12:39.251371184Z app=edgex-device-mqtt source=init.go:149 msg="Error getting ping: Get \"http://localhost:48080/api/v1/ping\": dial tcp [::1]:48080: connect: connection refused "
level=INFO ts=2020-05-25T12:16:28.040648644Z app=edgex-device-mqtt source=init.go:138 msg="Check Metadata service's status ..."
level=INFO ts=2020-05-25T12:16:28.043031164Z app=edgex-device-mqtt source=init.go:138 msg="Check Data service's status ..."
level=INFO ts=2020-05-25T12:16:28.129719046Z app=edgex-device-mqtt source=init.go:48 msg="Service clients initialize successful."
level=INFO ts=2020-05-25T12:16:28.30921888Z app=edgex-device-mqtt source=service.go:146 msg="Device Service  doesn't exist, creating a new one"
level=INFO ts=2020-05-25T12:16:28.380139518Z app=edgex-device-mqtt source=service.go:202 msg="Addressable edgex-device-mqtt doesn't exist, creating a new one"
level=INFO ts=2020-05-25T12:16:28.472847295Z app=edgex-device-mqtt source=service.go:96 msg="*Service Start() called, name=edgex-device-mqtt, version=1.1.1"
level=INFO ts=2020-05-25T12:16:28.561312205Z app=edgex-device-mqtt source=service.go:100 msg="Listening on port: 49982"
level=INFO ts=2020-05-25T12:16:28.653477769Z app=edgex-device-mqtt source=driver.go:279 msg="Create MQTT client and connection: uri=tcp://admin:public@0.0.0.0:1883 clientID=CommandResponseSubscriber "
level=INFO ts=2020-05-25T12:16:28.653628819Z app=edgex-device-mqtt source=driver.go:279 msg="Create MQTT client and connection: uri=tcp://math:math@broker.hivemq.com:1883 clientID=IncomingDataSubscriber "
level=INFO ts=2020-05-25T12:16:28.745052501Z app=edgex-device-mqtt source=service.go:127 msg="Service started in: 704.926769ms"
level=INFO ts=2020-05-25T12:16:28.865410877Z app=edgex-device-mqtt source=responselistener.go:52 msg="[Response listener] Start command response listening. "
level=INFO ts=2020-05-25T12:16:29.147785914Z app=edgex-device-mqtt source=incominglistener.go:54 msg="[Incoming listener] Start incoming data listening. "
level=ERROR ts=2020-05-25T12:16:37.615305135Z app=edgex-device-mqtt source=managedprofiles.go:144 msg="retrieving DeviceResource - Device MQTT test device not found"
level=WARN ts=2020-05-25T12:16:37.646987681Z app=edgex-device-mqtt source=incominglistener.go:79 msg="[Incoming listener] Incoming reading ignored. No DeviceObject found : topic=MathTopic msg={\"name\":\"MQTT test device\",\"cmd\":\"val\",\"val\":\"56\"}"
level=ERROR ts=2020-05-25T12:16:48.256826399Z app=edgex-device-mqtt source=managedprofiles.go:144 msg="retrieving DeviceResource - Device MQTT-test-device not found"
level=WARN ts=2020-05-25T12:16:48.291731418Z app=edgex-device-mqtt source=incominglistener.go:79 msg="[Incoming listener] Incoming reading ignored. No DeviceObject found : topic=MathTopic msg={\"name\":\"MQTT-test-device\",\"cmd\":\"val\",\"val\":\"56\"}"
level=WARN ts=2020-05-25T12:19:02.392300044Z app=edgex-device-mqtt source=driver.go:273 msg="Driver's Stop function didn't implement"
level=INFO ts=2020-05-25T12:21:26.486526339Z app=edgex-device-mqtt source=init.go:138 msg="Check Metadata service's status ..."
level=INFO ts=2020-05-25T12:21:26.486808963Z app=edgex-device-mqtt source=init.go:138 msg="Check Data service's status ..."
level=INFO ts=2020-05-25T12:21:26.562233481Z app=edgex-device-mqtt source=init.go:48 msg="Service clients initialize successful."
level=INFO ts=2020-05-25T12:21:26.625152076Z app=edgex-device-mqtt source=service.go:153 msg="Device Service edgex-device-mqtt exists"
level=INFO ts=2020-05-25T12:21:26.668611828Z app=edgex-device-mqtt source=service.go:96 msg="*Service Start() called, name=edgex-device-mqtt, version=1.1.1"
level=INFO ts=2020-05-25T12:21:26.703044336Z app=edgex-device-mqtt source=service.go:100 msg="Listening on port: 49982"
level=INFO ts=2020-05-25T12:21:26.736608822Z app=edgex-device-mqtt source=driver.go:279 msg="Create MQTT client and connection: uri=tcp://math:math@broker.hivemq.com:1883 clientID=IncomingDataSubscriber "
level=INFO ts=2020-05-25T12:21:26.736600063Z app=edgex-device-mqtt source=driver.go:279 msg="Create MQTT client and connection: uri=tcp://admin:public@0.0.0.0:1883 clientID=CommandResponseSubscriber "
level=INFO ts=2020-05-25T12:21:26.737891758Z app=edgex-device-mqtt source=service.go:127 msg="Service started in: 253.232414ms"
level=INFO ts=2020-05-25T12:21:26.804833618Z app=edgex-device-mqtt source=responselistener.go:52 msg="[Response listener] Start command response listening. "
level=INFO ts=2020-05-25T12:21:26.968055445Z app=edgex-device-mqtt source=incominglistener.go:54 msg="[Incoming listener] Start incoming data listening. "
level=ERROR ts=2020-05-25T12:21:34.221429441Z app=edgex-device-mqtt source=managedprofiles.go:144 msg="retrieving DeviceResource - Device MQTT-test-device not found"
level=WARN ts=2020-05-25T12:21:34.254742442Z app=edgex-device-mqtt source=incominglistener.go:79 msg="[Incoming listener] Incoming reading ignored. No DeviceObject found : topic=MathTopic msg={\"name\":\"MQTT-test-device\",\"cmd\":\"val\",\"val\":\"56\"}"
level=ERROR ts=2020-05-25T12:21:49.073308036Z app=edgex-device-mqtt source=managedprofiles.go:144 msg="retrieving DeviceResource - Device MQTT test device not found"
level=WARN ts=2020-05-25T12:21:49.108424509Z app=edgex-device-mqtt source=incominglistener.go:79 msg="[Incoming listener] Incoming reading ignored. No DeviceObject found : topic=MathTopic msg={\"name\":\"MQTT test device\",\"cmd\":\"val\",\"val\":\"56\"}"
level=WARN ts=2020-05-25T12:33:40.789830026Z app=edgex-device-mqtt source=driver.go:273 msg="Driver's Stop function didn't implement"
level=INFO ts=2020-05-26T07:01:23.44742554Z app=edgex-device-mqtt source=init.go:138 msg="Check Data service's status ..."
level=INFO ts=2020-05-26T07:01:23.448358447Z app=edgex-device-mqtt source=init.go:138 msg="Check Metadata service's status ..."
level=INFO ts=2020-05-26T07:01:23.535446831Z app=edgex-device-mqtt source=init.go:48 msg="Service clients initialize successful."
level=INFO ts=2020-05-26T07:01:23.615565699Z app=edgex-device-mqtt source=service.go:146 msg="Device Service  doesn't exist, creating a new one"
level=INFO ts=2020-05-26T07:01:23.659571236Z app=edgex-device-mqtt source=service.go:202 msg="Addressable edgex-device-mqtt doesn't exist, creating a new one"
level=INFO ts=2020-05-26T07:01:23.739288908Z app=edgex-device-mqtt source=service.go:96 msg="*Service Start() called, name=edgex-device-mqtt, version=1.1.1"
level=INFO ts=2020-05-26T07:01:23.778973696Z app=edgex-device-mqtt source=service.go:100 msg="Listening on port: 49982"
level=INFO ts=2020-05-26T07:01:23.812800386Z app=edgex-device-mqtt source=driver.go:279 msg="Create MQTT client and connection: uri=tcp://admin:public@0.0.0.0:1883 clientID=CommandResponseSubscriber "
level=INFO ts=2020-05-26T07:01:23.813090818Z app=edgex-device-mqtt source=driver.go:279 msg="Create MQTT client and connection: uri=tcp://math:math@broker.hivemq.com:1883 clientID=IncomingDataSubscriber "
level=INFO ts=2020-05-26T07:01:23.832764568Z app=edgex-device-mqtt source=service.go:127 msg="Service started in: 408.714418ms"
level=INFO ts=2020-05-26T07:01:23.911612745Z app=edgex-device-mqtt source=responselistener.go:52 msg="[Response listener] Start command response listening. "
level=INFO ts=2020-05-26T07:01:24.144605205Z app=edgex-device-mqtt source=incominglistener.go:54 msg="[Incoming listener] Start incoming data listening. "
level=ERROR ts=2020-05-26T07:01:28.523720796Z app=edgex-device-mqtt source=managedprofiles.go:144 msg="retrieving DeviceResource - Device MQTT-test-device not found"
level=WARN ts=2020-05-26T07:01:28.563690621Z app=edgex-device-mqtt source=incominglistener.go:79 msg="[Incoming listener] Incoming reading ignored. No DeviceObject found : topic=MathTopic msg={\"name\":\"MQTT-test-device\",\"cmd\":\"randfloat32\",\"randfloat32\":\"56.30\"}"
level=WARN ts=2020-05-26T07:42:34.749102455Z app=edgex-device-mqtt source=driver.go:273 msg="Driver's Stop function didn't implement"
